[     564ms] [ERROR] Loading the font 'https://k2mkucxia43oc7fa.public.blob.vercel-storage.com/front/fonts/space-mono/space-mono-v11-latin-regular.woff2' violates the following Content Security Policy directive: "font-src 'self' *.vercel.com *.gstatic.com vercel.live". The action has been blocked. @ https://vercel.com/mhingora90s-projects/golf-grove-dms:244
[    1438ms] [LOG] %c
▲

 _____ _              _                    _   _             __
|_   _| |__   ___    / \   __ _  ___ _ __ | |_(_) ___       / /
  | | | '_ \ / _ \  / _ \ / _` |/ _ \ '_ \| __| |/ __|     / /
  | | | | | |  __/ / ___ \ (_| |  __/ | | | |_| | (__     /_/
  |_| |_| |_|\___|/_/   \_\__, |\___|_| |_|\__|_|\___|    (_)
                           |___/
 ___        __               _                   _                 _
|_ _|_ __  / _|_ __ __ _ ___| |_ _ __ _   _  ___| |_ _   _ _ __ ___
 | || '_ \| |_| '__/ _` / __| __| '__| | | |/ __| __| | | | '__/ _ \
 | || | | |  _| | | (_| \__ \ |_| |  | |_| | (__| |_| |_| | | |  __/
|___|_| |_|_| |_|  \__,_|___/\__|_|   \__,_|\___|\__|\__,_|_|  \___|
  

Hello!

- Open Source https://vercel.com/oss
- Careers https://vercel.com/careers
- Status https://vercel-status.com

 font-family: "Geist Mono", monospace; white-space: pre; line-height: 1; @ https://vercel.com/_next/static/chunks/1sklb0_6pfvt1.js?dpl=dpl_CjYqsTCqrBkGq1usDXVn4rukkrAw:78
[    4060ms] Error: Minified React error #418; visit https://react.dev/errors/418?args[]=HTML&args[]= for the full message or use the non-minified dev environment for full errors and additional helpful warnings.
    at r1 (https://vercel.com/_next/static/chunks/1sklb0_6pfvt1.js?dpl=dpl_CjYqsTCqrBkGq1usDXVn4rukkrAw:79:44370)
    at iE (https://vercel.com/_next/static/chunks/1sklb0_6pfvt1.js?dpl=dpl_CjYqsTCqrBkGq1usDXVn4rukkrAw:79:98392)
    at sV (https://vercel.com/_next/static/chunks/1sklb0_6pfvt1.js?dpl=dpl_CjYqsTCqrBkGq1usDXVn4rukkrAw:79:139328)
    at https://vercel.com/_next/static/chunks/1sklb0_6pfvt1.js?dpl=dpl_CjYqsTCqrBkGq1usDXVn4rukkrAw:79:139173
    at sB (https://vercel.com/_next/static/chunks/1sklb0_6pfvt1.js?dpl=dpl_CjYqsTCqrBkGq1usDXVn4rukkrAw:79:139181)
    at sO (https://vercel.com/_next/static/chunks/1sklb0_6pfvt1.js?dpl=dpl_CjYqsTCqrBkGq1usDXVn4rukkrAw:79:134238)
    at cm (https://vercel.com/_next/static/chunks/1sklb0_6pfvt1.js?dpl=dpl_CjYqsTCqrBkGq1usDXVn4rukkrAw:79:168962)
    at cs (https://vercel.com/_next/static/chunks/1sklb0_6pfvt1.js?dpl=dpl_CjYqsTCqrBkGq1usDXVn4rukkrAw:79:166865)
    at s4 (https://vercel.com/_next/static/chunks/1sklb0_6pfvt1.js?dpl=dpl_CjYqsTCqrBkGq1usDXVn4rukkrAw:79:165010)
    at https://vercel.com/_next/static/chunks/1sklb0_6pfvt1.js?dpl=dpl_CjYqsTCqrBkGq1usDXVn4rukkrAw:79:156207
[    9231ms] [WARNING] Deprecated API for given entry type. @ https://vercel.com/_next/static/chunks/02o4hdfxhvtrh.js?dpl=dpl_CjYqsTCqrBkGq1usDXVn4rukkrAw:18
[   43423ms] [WARNING] The resource https://vercel.com/_next/static/chunks/08cd0i4vtwexf.css?dpl=dpl_CjYqsTCqrBkGq1usDXVn4rukkrAw was preloaded using link preload but not used within a few seconds from the window's load event. Please make sure it has an appropriate `as` value and it is preloaded intentionally. @ https://vercel.com/mhingora90s-projects/golf-grove-dms:0
[   43423ms] [WARNING] The resource https://vercel.com/_next/static/chunks/3j7d6ld0gjv-a.css?dpl=dpl_CjYqsTCqrBkGq1usDXVn4rukkrAw was preloaded using link preload but not used within a few seconds from the window's load event. Please make sure it has an appropriate `as` value and it is preloaded intentionally. @ https://vercel.com/mhingora90s-projects/golf-grove-dms:0
[   43424ms] [WARNING] The resource https://vercel.com/_next/static/chunks/1tiefx_0-i8d9.css?dpl=dpl_CjYqsTCqrBkGq1usDXVn4rukkrAw was preloaded using link preload but not used within a few seconds from the window's load event. Please make sure it has an appropriate `as` value and it is preloaded intentionally. @ https://vercel.com/mhingora90s-projects/golf-grove-dms:0
[   43425ms] [WARNING] The resource https://vercel.com/_next/static/chunks/1idpst0wk_paq.css?dpl=dpl_CjYqsTCqrBkGq1usDXVn4rukkrAw was preloaded using link preload but not used within a few seconds from the window's load event. Please make sure it has an appropriate `as` value and it is preloaded intentionally. @ https://vercel.com/mhingora90s-projects/golf-grove-dms:0
[   43426ms] [WARNING] The resource https://vercel.com/_next/static/chunks/3d792zqltro0t.css?dpl=dpl_CjYqsTCqrBkGq1usDXVn4rukkrAw was preloaded using link preload but not used within a few seconds from the window's load event. Please make sure it has an appropriate `as` value and it is preloaded intentionally. @ https://vercel.com/mhingora90s-projects/golf-grove-dms:0
[   43429ms] [WARNING] The resource https://vercel.com/_next/static/chunks/2mnl0qv1wk_rl.css?dpl=dpl_CjYqsTCqrBkGq1usDXVn4rukkrAw was preloaded using link preload but not used within a few seconds from the window's load event. Please make sure it has an appropriate `as` value and it is preloaded intentionally. @ https://vercel.com/mhingora90s-projects/golf-grove-dms:0
[   43430ms] [WARNING] The resource https://vercel.com/_next/static/chunks/0ld0e81xyg1qc.css?dpl=dpl_CjYqsTCqrBkGq1usDXVn4rukkrAw was preloaded using link preload but not used within a few seconds from the window's load event. Please make sure it has an appropriate `as` value and it is preloaded intentionally. @ https://vercel.com/mhingora90s-projects/golf-grove-dms:0
[   43432ms] [WARNING] The resource https://vercel.com/_next/static/chunks/13t1j7hlxsp-_.css?dpl=dpl_CjYqsTCqrBkGq1usDXVn4rukkrAw was preloaded using link preload but not used within a few seconds from the window's load event. Please make sure it has an appropriate `as` value and it is preloaded intentionally. @ https://vercel.com/mhingora90s-projects/golf-grove-dms:0
[   43432ms] [WARNING] The resource https://vercel.com/_next/static/chunks/3hk71b80xe0jm.css?dpl=dpl_CjYqsTCqrBkGq1usDXVn4rukkrAw was preloaded using link preload but not used within a few seconds from the window's load event. Please make sure it has an appropriate `as` value and it is preloaded intentionally. @ https://vercel.com/mhingora90s-projects/golf-grove-dms:0
[   80663ms] [ERROR] Failed to load resource: the server responded with a status of 404 () @ https://vercel.com/api/v6/deployments/dpl_DTatvvWwsZnCB1sCy8hcrrJxkpJ2/files/turborepo-summary?teamId=mhingora90s-projects:0
[   80702ms] [ERROR] Failed to load resource: the server responded with a status of 404 () @ https://vercel.com/api/v6/deployments/dpl_AEYRyDwVqRxnw3MSWQ3RJyaTkE9Z/files/turborepo-summary?teamId=mhingora90s-projects:0
[   85781ms] [WARNING] The resource https://vercel.com/_next/static/chunks/08cd0i4vtwexf.css?dpl=dpl_CjYqsTCqrBkGq1usDXVn4rukkrAw was preloaded using link preload but not used within a few seconds from the window's load event. Please make sure it has an appropriate `as` value and it is preloaded intentionally. @ https://vercel.com/mhingora90s-projects/golf-grove-dms/AEYRyDwVqRxnw3MSWQ3RJyaTkE9Z:0
[   85781ms] [WARNING] The resource https://vercel.com/_next/static/chunks/3j7d6ld0gjv-a.css?dpl=dpl_CjYqsTCqrBkGq1usDXVn4rukkrAw was preloaded using link preload but not used within a few seconds from the window's load event. Please make sure it has an appropriate `as` value and it is preloaded intentionally. @ https://vercel.com/mhingora90s-projects/golf-grove-dms/AEYRyDwVqRxnw3MSWQ3RJyaTkE9Z:0
[   85781ms] [WARNING] The resource https://vercel.com/_next/static/chunks/1tiefx_0-i8d9.css?dpl=dpl_CjYqsTCqrBkGq1usDXVn4rukkrAw was preloaded using link preload but not used within a few seconds from the window's load event. Please make sure it has an appropriate `as` value and it is preloaded intentionally. @ https://vercel.com/mhingora90s-projects/golf-grove-dms/AEYRyDwVqRxnw3MSWQ3RJyaTkE9Z:0
[   85782ms] [WARNING] The resource https://vercel.com/_next/static/chunks/1idpst0wk_paq.css?dpl=dpl_CjYqsTCqrBkGq1usDXVn4rukkrAw was preloaded using link preload but not used within a few seconds from the window's load event. Please make sure it has an appropriate `as` value and it is preloaded intentionally. @ https://vercel.com/mhingora90s-projects/golf-grove-dms/AEYRyDwVqRxnw3MSWQ3RJyaTkE9Z:0
[   85782ms] [WARNING] The resource https://vercel.com/_next/static/chunks/2yyej6_p7--p3.css?dpl=dpl_CjYqsTCqrBkGq1usDXVn4rukkrAw was preloaded using link preload but not used within a few seconds from the window's load event. Please make sure it has an appropriate `as` value and it is preloaded intentionally. @ https://vercel.com/mhingora90s-projects/golf-grove-dms/AEYRyDwVqRxnw3MSWQ3RJyaTkE9Z:0
[   85782ms] [WARNING] The resource https://vercel.com/_next/static/chunks/3_ievhbgysuv-.css?dpl=dpl_CjYqsTCqrBkGq1usDXVn4rukkrAw was preloaded using link preload but not used within a few seconds from the window's load event. Please make sure it has an appropriate `as` value and it is preloaded intentionally. @ https://vercel.com/mhingora90s-projects/golf-grove-dms/AEYRyDwVqRxnw3MSWQ3RJyaTkE9Z:0
[   85782ms] [WARNING] The resource https://vercel.com/_next/static/chunks/3d792zqltro0t.css?dpl=dpl_CjYqsTCqrBkGq1usDXVn4rukkrAw was preloaded using link preload but not used within a few seconds from the window's load event. Please make sure it has an appropriate `as` value and it is preloaded intentionally. @ https://vercel.com/mhingora90s-projects/golf-grove-dms/AEYRyDwVqRxnw3MSWQ3RJyaTkE9Z:0
[   85783ms] [WARNING] The resource https://vercel.com/_next/static/chunks/2mnl0qv1wk_rl.css?dpl=dpl_CjYqsTCqrBkGq1usDXVn4rukkrAw was preloaded using link preload but not used within a few seconds from the window's load event. Please make sure it has an appropriate `as` value and it is preloaded intentionally. @ https://vercel.com/mhingora90s-projects/golf-grove-dms/AEYRyDwVqRxnw3MSWQ3RJyaTkE9Z:0
[   85783ms] [WARNING] The resource https://vercel.com/_next/static/chunks/0ld0e81xyg1qc.css?dpl=dpl_CjYqsTCqrBkGq1usDXVn4rukkrAw was preloaded using link preload but not used within a few seconds from the window's load event. Please make sure it has an appropriate `as` value and it is preloaded intentionally. @ https://vercel.com/mhingora90s-projects/golf-grove-dms/AEYRyDwVqRxnw3MSWQ3RJyaTkE9Z:0
[   85783ms] [WARNING] The resource https://vercel.com/_next/static/chunks/13t1j7hlxsp-_.css?dpl=dpl_CjYqsTCqrBkGq1usDXVn4rukkrAw was preloaded using link preload but not used within a few seconds from the window's load event. Please make sure it has an appropriate `as` value and it is preloaded intentionally. @ https://vercel.com/mhingora90s-projects/golf-grove-dms/AEYRyDwVqRxnw3MSWQ3RJyaTkE9Z:0
[   89192ms] [WARNING] The resource https://vercel.com/_next/static/chunks/08cd0i4vtwexf.css?dpl=dpl_CjYqsTCqrBkGq1usDXVn4rukkrAw was preloaded using link preload but not used within a few seconds from the window's load event. Please make sure it has an appropriate `as` value and it is preloaded intentionally. @ https://vercel.com/mhingora90s-projects/golf-grove-dms/AEYRyDwVqRxnw3MSWQ3RJyaTkE9Z:0
[   89192ms] [WARNING] The resource https://vercel.com/_next/static/chunks/3j7d6ld0gjv-a.css?dpl=dpl_CjYqsTCqrBkGq1usDXVn4rukkrAw was preloaded using link preload but not used within a few seconds from the window's load event. Please make sure it has an appropriate `as` value and it is preloaded intentionally. @ https://vercel.com/mhingora90s-projects/golf-grove-dms/AEYRyDwVqRxnw3MSWQ3RJyaTkE9Z:0
[   89193ms] [WARNING] The resource https://vercel.com/_next/static/chunks/1tiefx_0-i8d9.css?dpl=dpl_CjYqsTCqrBkGq1usDXVn4rukkrAw was preloaded using link preload but not used within a few seconds from the window's load event. Please make sure it has an appropriate `as` value and it is preloaded intentionally. @ https://vercel.com/mhingora90s-projects/golf-grove-dms/AEYRyDwVqRxnw3MSWQ3RJyaTkE9Z:0
[   89193ms] [WARNING] The resource https://vercel.com/_next/static/chunks/1idpst0wk_paq.css?dpl=dpl_CjYqsTCqrBkGq1usDXVn4rukkrAw was preloaded using link preload but not used within a few seconds from the window's load event. Please make sure it has an appropriate `as` value and it is preloaded intentionally. @ https://vercel.com/mhingora90s-projects/golf-grove-dms/AEYRyDwVqRxnw3MSWQ3RJyaTkE9Z:0
[   89193ms] [WARNING] The resource https://vercel.com/_next/static/chunks/2yyej6_p7--p3.css?dpl=dpl_CjYqsTCqrBkGq1usDXVn4rukkrAw was preloaded using link preload but not used within a few seconds from the window's load event. Please make sure it has an appropriate `as` value and it is preloaded intentionally. @ https://vercel.com/mhingora90s-projects/golf-grove-dms/AEYRyDwVqRxnw3MSWQ3RJyaTkE9Z:0
[   89194ms] [WARNING] The resource https://vercel.com/_next/static/chunks/3_ievhbgysuv-.css?dpl=dpl_CjYqsTCqrBkGq1usDXVn4rukkrAw was preloaded using link preload but not used within a few seconds from the window's load event. Please make sure it has an appropriate `as` value and it is preloaded intentionally. @ https://vercel.com/mhingora90s-projects/golf-grove-dms/AEYRyDwVqRxnw3MSWQ3RJyaTkE9Z:0
[   89194ms] [WARNING] The resource https://vercel.com/_next/static/chunks/3d792zqltro0t.css?dpl=dpl_CjYqsTCqrBkGq1usDXVn4rukkrAw was preloaded using link preload but not used within a few seconds from the window's load event. Please make sure it has an appropriate `as` value and it is preloaded intentionally. @ https://vercel.com/mhingora90s-projects/golf-grove-dms/AEYRyDwVqRxnw3MSWQ3RJyaTkE9Z:0
[   89194ms] [WARNING] The resource https://vercel.com/_next/static/chunks/2mnl0qv1wk_rl.css?dpl=dpl_CjYqsTCqrBkGq1usDXVn4rukkrAw was preloaded using link preload but not used within a few seconds from the window's load event. Please make sure it has an appropriate `as` value and it is preloaded intentionally. @ https://vercel.com/mhingora90s-projects/golf-grove-dms/AEYRyDwVqRxnw3MSWQ3RJyaTkE9Z:0
[   89194ms] [WARNING] The resource https://vercel.com/_next/static/chunks/0ld0e81xyg1qc.css?dpl=dpl_CjYqsTCqrBkGq1usDXVn4rukkrAw was preloaded using link preload but not used within a few seconds from the window's load event. Please make sure it has an appropriate `as` value and it is preloaded intentionally. @ https://vercel.com/mhingora90s-projects/golf-grove-dms/AEYRyDwVqRxnw3MSWQ3RJyaTkE9Z:0
[   89195ms] [WARNING] The resource https://vercel.com/_next/static/chunks/13t1j7hlxsp-_.css?dpl=dpl_CjYqsTCqrBkGq1usDXVn4rukkrAw was preloaded using link preload but not used within a few seconds from the window's load event. Please make sure it has an appropriate `as` value and it is preloaded intentionally. @ https://vercel.com/mhingora90s-projects/golf-grove-dms/AEYRyDwVqRxnw3MSWQ3RJyaTkE9Z:0
[   95832ms] [WARNING] The resource https://vercel.com/_next/static/chunks/08cd0i4vtwexf.css?dpl=dpl_CjYqsTCqrBkGq1usDXVn4rukkrAw was preloaded using link preload but not used within a few seconds from the window's load event. Please make sure it has an appropriate `as` value and it is preloaded intentionally. @ https://vercel.com/mhingora90s-projects/golf-grove-dms/AEYRyDwVqRxnw3MSWQ3RJyaTkE9Z:0
[   95833ms] [WARNING] The resource https://vercel.com/_next/static/chunks/3j7d6ld0gjv-a.css?dpl=dpl_CjYqsTCqrBkGq1usDXVn4rukkrAw was preloaded using link preload but not used within a few seconds from the window's load event. Please make sure it has an appropriate `as` value and it is preloaded intentionally. @ https://vercel.com/mhingora90s-projects/golf-grove-dms/AEYRyDwVqRxnw3MSWQ3RJyaTkE9Z:0
[   95834ms] [WARNING] The resource https://vercel.com/_next/static/chunks/1tiefx_0-i8d9.css?dpl=dpl_CjYqsTCqrBkGq1usDXVn4rukkrAw was preloaded using link preload but not used within a few seconds from the window's load event. Please make sure it has an appropriate `as` value and it is preloaded intentionally. @ https://vercel.com/mhingora90s-projects/golf-grove-dms/AEYRyDwVqRxnw3MSWQ3RJyaTkE9Z:0
[   95835ms] [WARNING] The resource https://vercel.com/_next/static/chunks/1idpst0wk_paq.css?dpl=dpl_CjYqsTCqrBkGq1usDXVn4rukkrAw was preloaded using link preload but not used within a few seconds from the window's load event. Please make sure it has an appropriate `as` value and it is preloaded intentionally. @ https://vercel.com/mhingora90s-projects/golf-grove-dms/AEYRyDwVqRxnw3MSWQ3RJyaTkE9Z:0
[   95835ms] [WARNING] The resource https://vercel.com/_next/static/chunks/2yyej6_p7--p3.css?dpl=dpl_CjYqsTCqrBkGq1usDXVn4rukkrAw was preloaded using link preload but not used within a few seconds from the window's load event. Please make sure it has an appropriate `as` value and it is preloaded intentionally. @ https://vercel.com/mhingora90s-projects/golf-grove-dms/AEYRyDwVqRxnw3MSWQ3RJyaTkE9Z:0
[   95836ms] [WARNING] The resource https://vercel.com/_next/static/chunks/3_ievhbgysuv-.css?dpl=dpl_CjYqsTCqrBkGq1usDXVn4rukkrAw was preloaded using link preload but not used within a few seconds from the window's load event. Please make sure it has an appropriate `as` value and it is preloaded intentionally. @ https://vercel.com/mhingora90s-projects/golf-grove-dms/AEYRyDwVqRxnw3MSWQ3RJyaTkE9Z:0
[   95837ms] [WARNING] The resource https://vercel.com/_next/static/chunks/3d792zqltro0t.css?dpl=dpl_CjYqsTCqrBkGq1usDXVn4rukkrAw was preloaded using link preload but not used within a few seconds from the window's load event. Please make sure it has an appropriate `as` value and it is preloaded intentionally. @ https://vercel.com/mhingora90s-projects/golf-grove-dms/AEYRyDwVqRxnw3MSWQ3RJyaTkE9Z:0
[   95837ms] [WARNING] The resource https://vercel.com/_next/static/chunks/2mnl0qv1wk_rl.css?dpl=dpl_CjYqsTCqrBkGq1usDXVn4rukkrAw was preloaded using link preload but not used within a few seconds from the window's load event. Please make sure it has an appropriate `as` value and it is preloaded intentionally. @ https://vercel.com/mhingora90s-projects/golf-grove-dms/AEYRyDwVqRxnw3MSWQ3RJyaTkE9Z:0
[   95837ms] [WARNING] The resource https://vercel.com/_next/static/chunks/0ld0e81xyg1qc.css?dpl=dpl_CjYqsTCqrBkGq1usDXVn4rukkrAw was preloaded using link preload but not used within a few seconds from the window's load event. Please make sure it has an appropriate `as` value and it is preloaded intentionally. @ https://vercel.com/mhingora90s-projects/golf-grove-dms/AEYRyDwVqRxnw3MSWQ3RJyaTkE9Z:0
[   95838ms] [WARNING] The resource https://vercel.com/_next/static/chunks/13t1j7hlxsp-_.css?dpl=dpl_CjYqsTCqrBkGq1usDXVn4rukkrAw was preloaded using link preload but not used within a few seconds from the window's load event. Please make sure it has an appropriate `as` value and it is preloaded intentionally. @ https://vercel.com/mhingora90s-projects/golf-grove-dms/AEYRyDwVqRxnw3MSWQ3RJyaTkE9Z:0
[   99232ms] [WARNING] The resource https://vercel.com/_next/static/chunks/08cd0i4vtwexf.css?dpl=dpl_CjYqsTCqrBkGq1usDXVn4rukkrAw was preloaded using link preload but not used within a few seconds from the window's load event. Please make sure it has an appropriate `as` value and it is preloaded intentionally. @ https://vercel.com/mhingora90s-projects/golf-grove-dms/AEYRyDwVqRxnw3MSWQ3RJyaTkE9Z:0
[   99235ms] [WARNING] The resource https://vercel.com/_next/static/chunks/3j7d6ld0gjv-a.css?dpl=dpl_CjYqsTCqrBkGq1usDXVn4rukkrAw was preloaded using link preload but not used within a few seconds from the window's load event. Please make sure it has an appropriate `as` value and it is preloaded intentionally. @ https://vercel.com/mhingora90s-projects/golf-grove-dms/AEYRyDwVqRxnw3MSWQ3RJyaTkE9Z:0
[   99235ms] [WARNING] The resource https://vercel.com/_next/static/chunks/1tiefx_0-i8d9.css?dpl=dpl_CjYqsTCqrBkGq1usDXVn4rukkrAw was preloaded using link preload but not used within a few seconds from the window's load event. Please make sure it has an appropriate `as` value and it is preloaded intentionally. @ https://vercel.com/mhingora90s-projects/golf-grove-dms/AEYRyDwVqRxnw3MSWQ3RJyaTkE9Z:0
[   99235ms] [WARNING] The resource https://vercel.com/_next/static/chunks/1idpst0wk_paq.css?dpl=dpl_CjYqsTCqrBkGq1usDXVn4rukkrAw was preloaded using link preload but not used within a few seconds from the window's load event. Please make sure it has an appropriate `as` value and it is preloaded intentionally. @ https://vercel.com/mhingora90s-projects/golf-grove-dms/AEYRyDwVqRxnw3MSWQ3RJyaTkE9Z:0
[   99235ms] [WARNING] The resource https://vercel.com/_next/static/chunks/2yyej6_p7--p3.css?dpl=dpl_CjYqsTCqrBkGq1usDXVn4rukkrAw was preloaded using link preload but not used within a few seconds from the window's load event. Please make sure it has an appropriate `as` value and it is preloaded intentionally. @ https://vercel.com/mhingora90s-projects/golf-grove-dms/AEYRyDwVqRxnw3MSWQ3RJyaTkE9Z:0
[   99238ms] [WARNING] The resource https://vercel.com/_next/static/chunks/3_ievhbgysuv-.css?dpl=dpl_CjYqsTCqrBkGq1usDXVn4rukkrAw was preloaded using link preload but not used within a few seconds from the window's load event. Please make sure it has an appropriate `as` value and it is preloaded intentionally. @ https://vercel.com/mhingora90s-projects/golf-grove-dms/AEYRyDwVqRxnw3MSWQ3RJyaTkE9Z:0
[   99238ms] [WARNING] The resource https://vercel.com/_next/static/chunks/3d792zqltro0t.css?dpl=dpl_CjYqsTCqrBkGq1usDXVn4rukkrAw was preloaded using link preload but not used within a few seconds from the window's load event. Please make sure it has an appropriate `as` value and it is preloaded intentionally. @ https://vercel.com/mhingora90s-projects/golf-grove-dms/AEYRyDwVqRxnw3MSWQ3RJyaTkE9Z:0
[   99239ms] [WARNING] The resource https://vercel.com/_next/static/chunks/2mnl0qv1wk_rl.css?dpl=dpl_CjYqsTCqrBkGq1usDXVn4rukkrAw was preloaded using link preload but not used within a few seconds from the window's load event. Please make sure it has an appropriate `as` value and it is preloaded intentionally. @ https://vercel.com/mhingora90s-projects/golf-grove-dms/AEYRyDwVqRxnw3MSWQ3RJyaTkE9Z:0
[   99239ms] [WARNING] The resource https://vercel.com/_next/static/chunks/0ld0e81xyg1qc.css?dpl=dpl_CjYqsTCqrBkGq1usDXVn4rukkrAw was preloaded using link preload but not used within a few seconds from the window's load event. Please make sure it has an appropriate `as` value and it is preloaded intentionally. @ https://vercel.com/mhingora90s-projects/golf-grove-dms/AEYRyDwVqRxnw3MSWQ3RJyaTkE9Z:0
[   99239ms] [WARNING] The resource https://vercel.com/_next/static/chunks/13t1j7hlxsp-_.css?dpl=dpl_CjYqsTCqrBkGq1usDXVn4rukkrAw was preloaded using link preload but not used within a few seconds from the window's load event. Please make sure it has an appropriate `as` value and it is preloaded intentionally. @ https://vercel.com/mhingora90s-projects/golf-grove-dms/AEYRyDwVqRxnw3MSWQ3RJyaTkE9Z:0
[  109867ms] [ERROR] Failed to load resource: the server responded with a status of 404 () @ https://vercel.com/api/v6/deployments/dpl_DTatvvWwsZnCB1sCy8hcrrJxkpJ2/files/turborepo-summary?teamId=mhingora90s-projects:0
[  109868ms] [ERROR] Failed to load resource: the server responded with a status of 404 () @ https://vercel.com/api/v6/deployments/dpl_G9SEQ3H8ZicTmMVnScwwL9uNQQ1t/files/turborepo-summary?teamId=mhingora90s-projects:0
[  125132ms] [WARNING] The resource https://vercel.com/_next/static/chunks/08cd0i4vtwexf.css?dpl=dpl_CjYqsTCqrBkGq1usDXVn4rukkrAw was preloaded using link preload but not used within a few seconds from the window's load event. Please make sure it has an appropriate `as` value and it is preloaded intentionally. @ https://vercel.com/mhingora90s-projects/golf-grove-dms/G9SEQ3H8ZicTmMVnScwwL9uNQQ1t:0
[  125132ms] [WARNING] The resource https://vercel.com/_next/static/chunks/3j7d6ld0gjv-a.css?dpl=dpl_CjYqsTCqrBkGq1usDXVn4rukkrAw was preloaded using link preload but not used within a few seconds from the window's load event. Please make sure it has an appropriate `as` value and it is preloaded intentionally. @ https://vercel.com/mhingora90s-projects/golf-grove-dms/G9SEQ3H8ZicTmMVnScwwL9uNQQ1t:0
[  125132ms] [WARNING] The resource https://vercel.com/_next/static/chunks/1tiefx_0-i8d9.css?dpl=dpl_CjYqsTCqrBkGq1usDXVn4rukkrAw was preloaded using link preload but not used within a few seconds from the window's load event. Please make sure it has an appropriate `as` value and it is preloaded intentionally. @ https://vercel.com/mhingora90s-projects/golf-grove-dms/G9SEQ3H8ZicTmMVnScwwL9uNQQ1t:0
[  125132ms] [WARNING] The resource https://vercel.com/_next/static/chunks/1idpst0wk_paq.css?dpl=dpl_CjYqsTCqrBkGq1usDXVn4rukkrAw was preloaded using link preload but not used within a few seconds from the window's load event. Please make sure it has an appropriate `as` value and it is preloaded intentionally. @ https://vercel.com/mhingora90s-projects/golf-grove-dms/G9SEQ3H8ZicTmMVnScwwL9uNQQ1t:0
[  125132ms] [WARNING] The resource https://vercel.com/_next/static/chunks/2yyej6_p7--p3.css?dpl=dpl_CjYqsTCqrBkGq1usDXVn4rukkrAw was preloaded using link preload but not used within a few seconds from the window's load event. Please make sure it has an appropriate `as` value and it is preloaded intentionally. @ https://vercel.com/mhingora90s-projects/golf-grove-dms/G9SEQ3H8ZicTmMVnScwwL9uNQQ1t:0
[  125132ms] [WARNING] The resource https://vercel.com/_next/static/chunks/3_ievhbgysuv-.css?dpl=dpl_CjYqsTCqrBkGq1usDXVn4rukkrAw was preloaded using link preload but not used within a few seconds from the window's load event. Please make sure it has an appropriate `as` value and it is preloaded intentionally. @ https://vercel.com/mhingora90s-projects/golf-grove-dms/G9SEQ3H8ZicTmMVnScwwL9uNQQ1t:0
[  125132ms] [WARNING] The resource https://vercel.com/_next/static/chunks/3d792zqltro0t.css?dpl=dpl_CjYqsTCqrBkGq1usDXVn4rukkrAw was preloaded using link preload but not used within a few seconds from the window's load event. Please make sure it has an appropriate `as` value and it is preloaded intentionally. @ https://vercel.com/mhingora90s-projects/golf-grove-dms/G9SEQ3H8ZicTmMVnScwwL9uNQQ1t:0
[  125132ms] [WARNING] The resource https://vercel.com/_next/static/chunks/2mnl0qv1wk_rl.css?dpl=dpl_CjYqsTCqrBkGq1usDXVn4rukkrAw was preloaded using link preload but not used within a few seconds from the window's load event. Please make sure it has an appropriate `as` value and it is preloaded intentionally. @ https://vercel.com/mhingora90s-projects/golf-grove-dms/G9SEQ3H8ZicTmMVnScwwL9uNQQ1t:0
[  125132ms] [WARNING] The resource https://vercel.com/_next/static/chunks/0ld0e81xyg1qc.css?dpl=dpl_CjYqsTCqrBkGq1usDXVn4rukkrAw was preloaded using link preload but not used within a few seconds from the window's load event. Please make sure it has an appropriate `as` value and it is preloaded intentionally. @ https://vercel.com/mhingora90s-projects/golf-grove-dms/G9SEQ3H8ZicTmMVnScwwL9uNQQ1t:0
[  125132ms] [WARNING] The resource https://vercel.com/_next/static/chunks/13t1j7hlxsp-_.css?dpl=dpl_CjYqsTCqrBkGq1usDXVn4rukkrAw was preloaded using link preload but not used within a few seconds from the window's load event. Please make sure it has an appropriate `as` value and it is preloaded intentionally. @ https://vercel.com/mhingora90s-projects/golf-grove-dms/G9SEQ3H8ZicTmMVnScwwL9uNQQ1t:0
[  128507ms] [WARNING] The resource https://vercel.com/_next/static/chunks/08cd0i4vtwexf.css?dpl=dpl_CjYqsTCqrBkGq1usDXVn4rukkrAw was preloaded using link preload but not used within a few seconds from the window's load event. Please make sure it has an appropriate `as` value and it is preloaded intentionally. @ https://vercel.com/mhingora90s-projects/golf-grove-dms/G9SEQ3H8ZicTmMVnScwwL9uNQQ1t:0
[  128508ms] [WARNING] The resource https://vercel.com/_next/static/chunks/3j7d6ld0gjv-a.css?dpl=dpl_CjYqsTCqrBkGq1usDXVn4rukkrAw was preloaded using link preload but not used within a few seconds from the window's load event. Please make sure it has an appropriate `as` value and it is preloaded intentionally. @ https://vercel.com/mhingora90s-projects/golf-grove-dms/G9SEQ3H8ZicTmMVnScwwL9uNQQ1t:0
[  128508ms] [WARNING] The resource https://vercel.com/_next/static/chunks/1tiefx_0-i8d9.css?dpl=dpl_CjYqsTCqrBkGq1usDXVn4rukkrAw was preloaded using link preload but not used within a few seconds from the window's load event. Please make sure it has an appropriate `as` value and it is preloaded intentionally. @ https://vercel.com/mhingora90s-projects/golf-grove-dms/G9SEQ3H8ZicTmMVnScwwL9uNQQ1t:0
[  128508ms] [WARNING] The resource https://vercel.com/_next/static/chunks/1idpst0wk_paq.css?dpl=dpl_CjYqsTCqrBkGq1usDXVn4rukkrAw was preloaded using link preload but not used within a few seconds from the window's load event. Please make sure it has an appropriate `as` value and it is preloaded intentionally. @ https://vercel.com/mhingora90s-projects/golf-grove-dms/G9SEQ3H8ZicTmMVnScwwL9uNQQ1t:0
[  128508ms] [WARNING] The resource https://vercel.com/_next/static/chunks/2yyej6_p7--p3.css?dpl=dpl_CjYqsTCqrBkGq1usDXVn4rukkrAw was preloaded using link preload but not used within a few seconds from the window's load event. Please make sure it has an appropriate `as` value and it is preloaded intentionally. @ https://vercel.com/mhingora90s-projects/golf-grove-dms/G9SEQ3H8ZicTmMVnScwwL9uNQQ1t:0
[  128508ms] [WARNING] The resource https://vercel.com/_next/static/chunks/3_ievhbgysuv-.css?dpl=dpl_CjYqsTCqrBkGq1usDXVn4rukkrAw was preloaded using link preload but not used within a few seconds from the window's load event. Please make sure it has an appropriate `as` value and it is preloaded intentionally. @ https://vercel.com/mhingora90s-projects/golf-grove-dms/G9SEQ3H8ZicTmMVnScwwL9uNQQ1t:0
[  128508ms] [WARNING] The resource https://vercel.com/_next/static/chunks/3d792zqltro0t.css?dpl=dpl_CjYqsTCqrBkGq1usDXVn4rukkrAw was preloaded using link preload but not used within a few seconds from the window's load event. Please make sure it has an appropriate `as` value and it is preloaded intentionally. @ https://vercel.com/mhingora90s-projects/golf-grove-dms/G9SEQ3H8ZicTmMVnScwwL9uNQQ1t:0
[  128509ms] [WARNING] The resource https://vercel.com/_next/static/chunks/2mnl0qv1wk_rl.css?dpl=dpl_CjYqsTCqrBkGq1usDXVn4rukkrAw was preloaded using link preload but not used within a few seconds from the window's load event. Please make sure it has an appropriate `as` value and it is preloaded intentionally. @ https://vercel.com/mhingora90s-projects/golf-grove-dms/G9SEQ3H8ZicTmMVnScwwL9uNQQ1t:0
[  128509ms] [WARNING] The resource https://vercel.com/_next/static/chunks/0ld0e81xyg1qc.css?dpl=dpl_CjYqsTCqrBkGq1usDXVn4rukkrAw was preloaded using link preload but not used within a few seconds from the window's load event. Please make sure it has an appropriate `as` value and it is preloaded intentionally. @ https://vercel.com/mhingora90s-projects/golf-grove-dms/G9SEQ3H8ZicTmMVnScwwL9uNQQ1t:0
[  128509ms] [WARNING] The resource https://vercel.com/_next/static/chunks/13t1j7hlxsp-_.css?dpl=dpl_CjYqsTCqrBkGq1usDXVn4rukkrAw was preloaded using link preload but not used within a few seconds from the window's load event. Please make sure it has an appropriate `as` value and it is preloaded intentionally. @ https://vercel.com/mhingora90s-projects/golf-grove-dms/G9SEQ3H8ZicTmMVnScwwL9uNQQ1t:0
[  132028ms] [WARNING] The resource https://vercel.com/_next/static/chunks/08cd0i4vtwexf.css?dpl=dpl_CjYqsTCqrBkGq1usDXVn4rukkrAw was preloaded using link preload but not used within a few seconds from the window's load event. Please make sure it has an appropriate `as` value and it is preloaded intentionally. @ https://vercel.com/mhingora90s-projects/golf-grove-dms/G9SEQ3H8ZicTmMVnScwwL9uNQQ1t:0
[  132029ms] [WARNING] The resource https://vercel.com/_next/static/chunks/3j7d6ld0gjv-a.css?dpl=dpl_CjYqsTCqrBkGq1usDXVn4rukkrAw was preloaded using link preload but not used within a few seconds from the window's load event. Please make sure it has an appropriate `as` value and it is preloaded intentionally. @ https://vercel.com/mhingora90s-projects/golf-grove-dms/G9SEQ3H8ZicTmMVnScwwL9uNQQ1t:0
[  132029ms] [WARNING] The resource https://vercel.com/_next/static/chunks/1tiefx_0-i8d9.css?dpl=dpl_CjYqsTCqrBkGq1usDXVn4rukkrAw was preloaded using link preload but not used within a few seconds from the window's load event. Please make sure it has an appropriate `as` value and it is preloaded intentionally. @ https://vercel.com/mhingora90s-projects/golf-grove-dms/G9SEQ3H8ZicTmMVnScwwL9uNQQ1t:0
[  132029ms] [WARNING] The resource https://vercel.com/_next/static/chunks/1idpst0wk_paq.css?dpl=dpl_CjYqsTCqrBkGq1usDXVn4rukkrAw was preloaded using link preload but not used within a few seconds from the window's load event. Please make sure it has an appropriate `as` value and it is preloaded intentionally. @ https://vercel.com/mhingora90s-projects/golf-grove-dms/G9SEQ3H8ZicTmMVnScwwL9uNQQ1t:0
[  132029ms] [WARNING] The resource https://vercel.com/_next/static/chunks/2yyej6_p7--p3.css?dpl=dpl_CjYqsTCqrBkGq1usDXVn4rukkrAw was preloaded using link preload but not used within a few seconds from the window's load event. Please make sure it has an appropriate `as` value and it is preloaded intentionally. @ https://vercel.com/mhingora90s-projects/golf-grove-dms/G9SEQ3H8ZicTmMVnScwwL9uNQQ1t:0
[  132029ms] [WARNING] The resource https://vercel.com/_next/static/chunks/3_ievhbgysuv-.css?dpl=dpl_CjYqsTCqrBkGq1usDXVn4rukkrAw was preloaded using link preload but not used within a few seconds from the window's load event. Please make sure it has an appropriate `as` value and it is preloaded intentionally. @ https://vercel.com/mhingora90s-projects/golf-grove-dms/G9SEQ3H8ZicTmMVnScwwL9uNQQ1t:0
[  132029ms] [WARNING] The resource https://vercel.com/_next/static/chunks/3d792zqltro0t.css?dpl=dpl_CjYqsTCqrBkGq1usDXVn4rukkrAw was preloaded using link preload but not used within a few seconds from the window's load event. Please make sure it has an appropriate `as` value and it is preloaded intentionally. @ https://vercel.com/mhingora90s-projects/golf-grove-dms/G9SEQ3H8ZicTmMVnScwwL9uNQQ1t:0
[  132030ms] [WARNING] The resource https://vercel.com/_next/static/chunks/2mnl0qv1wk_rl.css?dpl=dpl_CjYqsTCqrBkGq1usDXVn4rukkrAw was preloaded using link preload but not used within a few seconds from the window's load event. Please make sure it has an appropriate `as` value and it is preloaded intentionally. @ https://vercel.com/mhingora90s-projects/golf-grove-dms/G9SEQ3H8ZicTmMVnScwwL9uNQQ1t:0
[  132030ms] [WARNING] The resource https://vercel.com/_next/static/chunks/0ld0e81xyg1qc.css?dpl=dpl_CjYqsTCqrBkGq1usDXVn4rukkrAw was preloaded using link preload but not used within a few seconds from the window's load event. Please make sure it has an appropriate `as` value and it is preloaded intentionally. @ https://vercel.com/mhingora90s-projects/golf-grove-dms/G9SEQ3H8ZicTmMVnScwwL9uNQQ1t:0
[  132030ms] [WARNING] The resource https://vercel.com/_next/static/chunks/13t1j7hlxsp-_.css?dpl=dpl_CjYqsTCqrBkGq1usDXVn4rukkrAw was preloaded using link preload but not used within a few seconds from the window's load event. Please make sure it has an appropriate `as` value and it is preloaded intentionally. @ https://vercel.com/mhingora90s-projects/golf-grove-dms/G9SEQ3H8ZicTmMVnScwwL9uNQQ1t:0
[  135280ms] [ERROR] Loading the font 'https://k2mkucxia43oc7fa.public.blob.vercel-storage.com/front/fonts/space-mono/space-mono-v11-latin-regular.woff2' violates the following Content Security Policy directive: "font-src 'self' *.vercel.com *.gstatic.com vercel.live". The action has been blocked. @ https://vercel.com/mhingora90s-projects/golf-grove-dms/G9SEQ3H8ZicTmMVnScwwL9uNQQ1t:1061
[  135380ms] [LOG] %c
▲

 _____ _              _                    _   _             __
|_   _| |__   ___    / \   __ _  ___ _ __ | |_(_) ___       / /
  | | | '_ \ / _ \  / _ \ / _` |/ _ \ '_ \| __| |/ __|     / /
  | | | | | |  __/ / ___ \ (_| |  __/ | | | |_| | (__     /_/
  |_| |_| |_|\___|/_/   \_\__, |\___|_| |_|\__|_|\___|    (_)
                           |___/
 ___        __               _                   _                 _
|_ _|_ __  / _|_ __ __ _ ___| |_ _ __ _   _  ___| |_ _   _ _ __ ___
 | || '_ \| |_| '__/ _` / __| __| '__| | | |/ __| __| | | | '__/ _ \
 | || | | |  _| | | (_| \__ \ |_| |  | |_| | (__| |_| |_| | | |  __/
|___|_| |_|_| |_|  \__,_|___/\__|_|   \__,_|\___|\__|\__,_|_|  \___|
  

Hello!

- Open Source https://vercel.com/oss
- Careers https://vercel.com/careers
- Status https://vercel-status.com

 font-family: "Geist Mono", monospace; white-space: pre; line-height: 1; @ https://vercel.com/_next/static/chunks/1sklb0_6pfvt1.js?dpl=dpl_CjYqsTCqrBkGq1usDXVn4rukkrAw:78
[  139328ms] [ERROR] Failed to load resource: the server responded with a status of 404 () @ https://vercel.com/api/v6/deployments/dpl_G9SEQ3H8ZicTmMVnScwwL9uNQQ1t/files/turborepo-summary?teamId=mhingora90s-projects:0
[  139329ms] [ERROR] Failed to load resource: the server responded with a status of 404 () @ https://vercel.com/api/v6/deployments/dpl_DTatvvWwsZnCB1sCy8hcrrJxkpJ2/files/turborepo-summary?teamId=mhingora90s-projects:0
[  142448ms] [WARNING] Deprecated API for given entry type. @ https://vercel.com/_next/static/chunks/02o4hdfxhvtrh.js?dpl=dpl_CjYqsTCqrBkGq1usDXVn4rukkrAw:18
[  154009ms] [WARNING] The resource https://vercel.com/_next/static/chunks/08cd0i4vtwexf.css?dpl=dpl_CjYqsTCqrBkGq1usDXVn4rukkrAw was preloaded using link preload but not used within a few seconds from the window's load event. Please make sure it has an appropriate `as` value and it is preloaded intentionally. @ https://vercel.com/mhingora90s-projects/golf-grove-dms/deployments:0
[  154009ms] [WARNING] The resource https://vercel.com/_next/static/chunks/3j7d6ld0gjv-a.css?dpl=dpl_CjYqsTCqrBkGq1usDXVn4rukkrAw was preloaded using link preload but not used within a few seconds from the window's load event. Please make sure it has an appropriate `as` value and it is preloaded intentionally. @ https://vercel.com/mhingora90s-projects/golf-grove-dms/deployments:0
[  154009ms] [WARNING] The resource https://vercel.com/_next/static/chunks/1tiefx_0-i8d9.css?dpl=dpl_CjYqsTCqrBkGq1usDXVn4rukkrAw was preloaded using link preload but not used within a few seconds from the window's load event. Please make sure it has an appropriate `as` value and it is preloaded intentionally. @ https://vercel.com/mhingora90s-projects/golf-grove-dms/deployments:0
[  154009ms] [WARNING] The resource https://vercel.com/_next/static/chunks/1idpst0wk_paq.css?dpl=dpl_CjYqsTCqrBkGq1usDXVn4rukkrAw was preloaded using link preload but not used within a few seconds from the window's load event. Please make sure it has an appropriate `as` value and it is preloaded intentionally. @ https://vercel.com/mhingora90s-projects/golf-grove-dms/deployments:0
[  154010ms] [WARNING] The resource https://vercel.com/_next/static/chunks/2yyej6_p7--p3.css?dpl=dpl_CjYqsTCqrBkGq1usDXVn4rukkrAw was preloaded using link preload but not used within a few seconds from the window's load event. Please make sure it has an appropriate `as` value and it is preloaded intentionally. @ https://vercel.com/mhingora90s-projects/golf-grove-dms/deployments:0
[  154010ms] [WARNING] The resource https://vercel.com/_next/static/chunks/3_ievhbgysuv-.css?dpl=dpl_CjYqsTCqrBkGq1usDXVn4rukkrAw was preloaded using link preload but not used within a few seconds from the window's load event. Please make sure it has an appropriate `as` value and it is preloaded intentionally. @ https://vercel.com/mhingora90s-projects/golf-grove-dms/deployments:0
[  154011ms] [WARNING] The resource https://vercel.com/_next/static/chunks/3d792zqltro0t.css?dpl=dpl_CjYqsTCqrBkGq1usDXVn4rukkrAw was preloaded using link preload but not used within a few seconds from the window's load event. Please make sure it has an appropriate `as` value and it is preloaded intentionally. @ https://vercel.com/mhingora90s-projects/golf-grove-dms/deployments:0
[  154011ms] [WARNING] The resource https://vercel.com/_next/static/chunks/2mnl0qv1wk_rl.css?dpl=dpl_CjYqsTCqrBkGq1usDXVn4rukkrAw was preloaded using link preload but not used within a few seconds from the window's load event. Please make sure it has an appropriate `as` value and it is preloaded intentionally. @ https://vercel.com/mhingora90s-projects/golf-grove-dms/deployments:0
[  154012ms] [WARNING] The resource https://vercel.com/_next/static/chunks/0ld0e81xyg1qc.css?dpl=dpl_CjYqsTCqrBkGq1usDXVn4rukkrAw was preloaded using link preload but not used within a few seconds from the window's load event. Please make sure it has an appropriate `as` value and it is preloaded intentionally. @ https://vercel.com/mhingora90s-projects/golf-grove-dms/deployments:0
[  154012ms] [WARNING] The resource https://vercel.com/_next/static/chunks/13t1j7hlxsp-_.css?dpl=dpl_CjYqsTCqrBkGq1usDXVn4rukkrAw was preloaded using link preload but not used within a few seconds from the window's load event. Please make sure it has an appropriate `as` value and it is preloaded intentionally. @ https://vercel.com/mhingora90s-projects/golf-grove-dms/deployments:0
[  161069ms] [WARNING] The resource https://vercel.com/_next/static/chunks/08cd0i4vtwexf.css?dpl=dpl_CjYqsTCqrBkGq1usDXVn4rukkrAw was preloaded using link preload but not used within a few seconds from the window's load event. Please make sure it has an appropriate `as` value and it is preloaded intentionally. @ https://vercel.com/mhingora90s-projects/golf-grove-dms/deployments:0
[  161069ms] [WARNING] The resource https://vercel.com/_next/static/chunks/3j7d6ld0gjv-a.css?dpl=dpl_CjYqsTCqrBkGq1usDXVn4rukkrAw was preloaded using link preload but not used within a few seconds from the window's load event. Please make sure it has an appropriate `as` value and it is preloaded intentionally. @ https://vercel.com/mhingora90s-projects/golf-grove-dms/deployments:0
[  161070ms] [WARNING] The resource https://vercel.com/_next/static/chunks/1tiefx_0-i8d9.css?dpl=dpl_CjYqsTCqrBkGq1usDXVn4rukkrAw was preloaded using link preload but not used within a few seconds from the window's load event. Please make sure it has an appropriate `as` value and it is preloaded intentionally. @ https://vercel.com/mhingora90s-projects/golf-grove-dms/deployments:0
[  161071ms] [WARNING] The resource https://vercel.com/_next/static/chunks/1idpst0wk_paq.css?dpl=dpl_CjYqsTCqrBkGq1usDXVn4rukkrAw was preloaded using link preload but not used within a few seconds from the window's load event. Please make sure it has an appropriate `as` value and it is preloaded intentionally. @ https://vercel.com/mhingora90s-projects/golf-grove-dms/deployments:0
[  161072ms] [WARNING] The resource https://vercel.com/_next/static/chunks/2yyej6_p7--p3.css?dpl=dpl_CjYqsTCqrBkGq1usDXVn4rukkrAw was preloaded using link preload but not used within a few seconds from the window's load event. Please make sure it has an appropriate `as` value and it is preloaded intentionally. @ https://vercel.com/mhingora90s-projects/golf-grove-dms/deployments:0
[  161072ms] [WARNING] The resource https://vercel.com/_next/static/chunks/3_ievhbgysuv-.css?dpl=dpl_CjYqsTCqrBkGq1usDXVn4rukkrAw was preloaded using link preload but not used within a few seconds from the window's load event. Please make sure it has an appropriate `as` value and it is preloaded intentionally. @ https://vercel.com/mhingora90s-projects/golf-grove-dms/deployments:0
[  161073ms] [WARNING] The resource https://vercel.com/_next/static/chunks/3d792zqltro0t.css?dpl=dpl_CjYqsTCqrBkGq1usDXVn4rukkrAw was preloaded using link preload but not used within a few seconds from the window's load event. Please make sure it has an appropriate `as` value and it is preloaded intentionally. @ https://vercel.com/mhingora90s-projects/golf-grove-dms/deployments:0
[  161073ms] [WARNING] The resource https://vercel.com/_next/static/chunks/2mnl0qv1wk_rl.css?dpl=dpl_CjYqsTCqrBkGq1usDXVn4rukkrAw was preloaded using link preload but not used within a few seconds from the window's load event. Please make sure it has an appropriate `as` value and it is preloaded intentionally. @ https://vercel.com/mhingora90s-projects/golf-grove-dms/deployments:0
[  161073ms] [WARNING] The resource https://vercel.com/_next/static/chunks/0ld0e81xyg1qc.css?dpl=dpl_CjYqsTCqrBkGq1usDXVn4rukkrAw was preloaded using link preload but not used within a few seconds from the window's load event. Please make sure it has an appropriate `as` value and it is preloaded intentionally. @ https://vercel.com/mhingora90s-projects/golf-grove-dms/deployments:0
[  161074ms] [WARNING] The resource https://vercel.com/_next/static/chunks/13t1j7hlxsp-_.css?dpl=dpl_CjYqsTCqrBkGq1usDXVn4rukkrAw was preloaded using link preload but not used within a few seconds from the window's load event. Please make sure it has an appropriate `as` value and it is preloaded intentionally. @ https://vercel.com/mhingora90s-projects/golf-grove-dms/deployments:0
[  169557ms] [WARNING] The resource https://vercel.com/_next/static/chunks/08cd0i4vtwexf.css?dpl=dpl_CjYqsTCqrBkGq1usDXVn4rukkrAw was preloaded using link preload but not used within a few seconds from the window's load event. Please make sure it has an appropriate `as` value and it is preloaded intentionally. @ https://vercel.com/mhingora90s-projects/golf-grove-dms/deployments:0
[  169557ms] [WARNING] The resource https://vercel.com/_next/static/chunks/3j7d6ld0gjv-a.css?dpl=dpl_CjYqsTCqrBkGq1usDXVn4rukkrAw was preloaded using link preload but not used within a few seconds from the window's load event. Please make sure it has an appropriate `as` value and it is preloaded intentionally. @ https://vercel.com/mhingora90s-projects/golf-grove-dms/deployments:0
[  169557ms] [WARNING] The resource https://vercel.com/_next/static/chunks/1tiefx_0-i8d9.css?dpl=dpl_CjYqsTCqrBkGq1usDXVn4rukkrAw was preloaded using link preload but not used within a few seconds from the window's load event. Please make sure it has an appropriate `as` value and it is preloaded intentionally. @ https://vercel.com/mhingora90s-projects/golf-grove-dms/deployments:0
[  169558ms] [WARNING] The resource https://vercel.com/_next/static/chunks/1idpst0wk_paq.css?dpl=dpl_CjYqsTCqrBkGq1usDXVn4rukkrAw was preloaded using link preload but not used within a few seconds from the window's load event. Please make sure it has an appropriate `as` value and it is preloaded intentionally. @ https://vercel.com/mhingora90s-projects/golf-grove-dms/deployments:0
[  169558ms] [WARNING] The resource https://vercel.com/_next/static/chunks/2yyej6_p7--p3.css?dpl=dpl_CjYqsTCqrBkGq1usDXVn4rukkrAw was preloaded using link preload but not used within a few seconds from the window's load event. Please make sure it has an appropriate `as` value and it is preloaded intentionally. @ https://vercel.com/mhingora90s-projects/golf-grove-dms/deployments:0
[  169558ms] [WARNING] The resource https://vercel.com/_next/static/chunks/3_ievhbgysuv-.css?dpl=dpl_CjYqsTCqrBkGq1usDXVn4rukkrAw was preloaded using link preload but not used within a few seconds from the window's load event. Please make sure it has an appropriate `as` value and it is preloaded intentionally. @ https://vercel.com/mhingora90s-projects/golf-grove-dms/deployments:0
[  169558ms] [WARNING] The resource https://vercel.com/_next/static/chunks/3d792zqltro0t.css?dpl=dpl_CjYqsTCqrBkGq1usDXVn4rukkrAw was preloaded using link preload but not used within a few seconds from the window's load event. Please make sure it has an appropriate `as` value and it is preloaded intentionally. @ https://vercel.com/mhingora90s-projects/golf-grove-dms/deployments:0
[  169558ms] [WARNING] The resource https://vercel.com/_next/static/chunks/2mnl0qv1wk_rl.css?dpl=dpl_CjYqsTCqrBkGq1usDXVn4rukkrAw was preloaded using link preload but not used within a few seconds from the window's load event. Please make sure it has an appropriate `as` value and it is preloaded intentionally. @ https://vercel.com/mhingora90s-projects/golf-grove-dms/deployments:0
[  169558ms] [WARNING] The resource https://vercel.com/_next/static/chunks/0ld0e81xyg1qc.css?dpl=dpl_CjYqsTCqrBkGq1usDXVn4rukkrAw was preloaded using link preload but not used within a few seconds from the window's load event. Please make sure it has an appropriate `as` value and it is preloaded intentionally. @ https://vercel.com/mhingora90s-projects/golf-grove-dms/deployments:0
[  169558ms] [WARNING] The resource https://vercel.com/_next/static/chunks/13t1j7hlxsp-_.css?dpl=dpl_CjYqsTCqrBkGq1usDXVn4rukkrAw was preloaded using link preload but not used within a few seconds from the window's load event. Please make sure it has an appropriate `as` value and it is preloaded intentionally. @ https://vercel.com/mhingora90s-projects/golf-grove-dms/deployments:0
[  179484ms] [WARNING] The resource https://vercel.com/_next/static/chunks/08cd0i4vtwexf.css?dpl=dpl_CjYqsTCqrBkGq1usDXVn4rukkrAw was preloaded using link preload but not used within a few seconds from the window's load event. Please make sure it has an appropriate `as` value and it is preloaded intentionally. @ https://vercel.com/mhingora90s-projects/golf-grove-dms/deployments:0
[  179484ms] [WARNING] The resource https://vercel.com/_next/static/chunks/3j7d6ld0gjv-a.css?dpl=dpl_CjYqsTCqrBkGq1usDXVn4rukkrAw was preloaded using link preload but not used within a few seconds from the window's load event. Please make sure it has an appropriate `as` value and it is preloaded intentionally. @ https://vercel.com/mhingora90s-projects/golf-grove-dms/deployments:0
[  179484ms] [WARNING] The resource https://vercel.com/_next/static/chunks/1tiefx_0-i8d9.css?dpl=dpl_CjYqsTCqrBkGq1usDXVn4rukkrAw was preloaded using link preload but not used within a few seconds from the window's load event. Please make sure it has an appropriate `as` value and it is preloaded intentionally. @ https://vercel.com/mhingora90s-projects/golf-grove-dms/deployments:0
[  179484ms] [WARNING] The resource https://vercel.com/_next/static/chunks/1idpst0wk_paq.css?dpl=dpl_CjYqsTCqrBkGq1usDXVn4rukkrAw was preloaded using link preload but not used within a few seconds from the window's load event. Please make sure it has an appropriate `as` value and it is preloaded intentionally. @ https://vercel.com/mhingora90s-projects/golf-grove-dms/deployments:0
[  179484ms] [WARNING] The resource https://vercel.com/_next/static/chunks/2yyej6_p7--p3.css?dpl=dpl_CjYqsTCqrBkGq1usDXVn4rukkrAw was preloaded using link preload but not used within a few seconds from the window's load event. Please make sure it has an appropriate `as` value and it is preloaded intentionally. @ https://vercel.com/mhingora90s-projects/golf-grove-dms/deployments:0
[  179484ms] [WARNING] The resource https://vercel.com/_next/static/chunks/3_ievhbgysuv-.css?dpl=dpl_CjYqsTCqrBkGq1usDXVn4rukkrAw was preloaded using link preload but not used within a few seconds from the window's load event. Please make sure it has an appropriate `as` value and it is preloaded intentionally. @ https://vercel.com/mhingora90s-projects/golf-grove-dms/deployments:0
[  179484ms] [WARNING] The resource https://vercel.com/_next/static/chunks/3d792zqltro0t.css?dpl=dpl_CjYqsTCqrBkGq1usDXVn4rukkrAw was preloaded using link preload but not used within a few seconds from the window's load event. Please make sure it has an appropriate `as` value and it is preloaded intentionally. @ https://vercel.com/mhingora90s-projects/golf-grove-dms/deployments:0
[  179484ms] [WARNING] The resource https://vercel.com/_next/static/chunks/2mnl0qv1wk_rl.css?dpl=dpl_CjYqsTCqrBkGq1usDXVn4rukkrAw was preloaded using link preload but not used within a few seconds from the window's load event. Please make sure it has an appropriate `as` value and it is preloaded intentionally. @ https://vercel.com/mhingora90s-projects/golf-grove-dms/deployments:0
[  179485ms] [WARNING] The resource https://vercel.com/_next/static/chunks/0ld0e81xyg1qc.css?dpl=dpl_CjYqsTCqrBkGq1usDXVn4rukkrAw was preloaded using link preload but not used within a few seconds from the window's load event. Please make sure it has an appropriate `as` value and it is preloaded intentionally. @ https://vercel.com/mhingora90s-projects/golf-grove-dms/deployments:0
[  179485ms] [WARNING] The resource https://vercel.com/_next/static/chunks/13t1j7hlxsp-_.css?dpl=dpl_CjYqsTCqrBkGq1usDXVn4rukkrAw was preloaded using link preload but not used within a few seconds from the window's load event. Please make sure it has an appropriate `as` value and it is preloaded intentionally. @ https://vercel.com/mhingora90s-projects/golf-grove-dms/deployments:0
[  207028ms] [WARNING] The resource https://vercel.com/_next/static/chunks/08cd0i4vtwexf.css?dpl=dpl_CjYqsTCqrBkGq1usDXVn4rukkrAw was preloaded using link preload but not used within a few seconds from the window's load event. Please make sure it has an appropriate `as` value and it is preloaded intentionally. @ https://vercel.com/mhingora90s-projects/golf-grove-dms/deployments:0
[  207029ms] [WARNING] The resource https://vercel.com/_next/static/chunks/3j7d6ld0gjv-a.css?dpl=dpl_CjYqsTCqrBkGq1usDXVn4rukkrAw was preloaded using link preload but not used within a few seconds from the window's load event. Please make sure it has an appropriate `as` value and it is preloaded intentionally. @ https://vercel.com/mhingora90s-projects/golf-grove-dms/deployments:0
[  207029ms] [WARNING] The resource https://vercel.com/_next/static/chunks/1tiefx_0-i8d9.css?dpl=dpl_CjYqsTCqrBkGq1usDXVn4rukkrAw was preloaded using link preload but not used within a few seconds from the window's load event. Please make sure it has an appropriate `as` value and it is preloaded intentionally. @ https://vercel.com/mhingora90s-projects/golf-grove-dms/deployments:0
[  207030ms] [WARNING] The resource https://vercel.com/_next/static/chunks/1idpst0wk_paq.css?dpl=dpl_CjYqsTCqrBkGq1usDXVn4rukkrAw was preloaded using link preload but not used within a few seconds from the window's load event. Please make sure it has an appropriate `as` value and it is preloaded intentionally. @ https://vercel.com/mhingora90s-projects/golf-grove-dms/deployments:0
[  207030ms] [WARNING] The resource https://vercel.com/_next/static/chunks/2yyej6_p7--p3.css?dpl=dpl_CjYqsTCqrBkGq1usDXVn4rukkrAw was preloaded using link preload but not used within a few seconds from the window's load event. Please make sure it has an appropriate `as` value and it is preloaded intentionally. @ https://vercel.com/mhingora90s-projects/golf-grove-dms/deployments:0
[  207031ms] [WARNING] The resource https://vercel.com/_next/static/chunks/3_ievhbgysuv-.css?dpl=dpl_CjYqsTCqrBkGq1usDXVn4rukkrAw was preloaded using link preload but not used within a few seconds from the window's load event. Please make sure it has an appropriate `as` value and it is preloaded intentionally. @ https://vercel.com/mhingora90s-projects/golf-grove-dms/deployments:0
[  207031ms] [WARNING] The resource https://vercel.com/_next/static/chunks/3d792zqltro0t.css?dpl=dpl_CjYqsTCqrBkGq1usDXVn4rukkrAw was preloaded using link preload but not used within a few seconds from the window's load event. Please make sure it has an appropriate `as` value and it is preloaded intentionally. @ https://vercel.com/mhingora90s-projects/golf-grove-dms/deployments:0
[  207031ms] [WARNING] The resource https://vercel.com/_next/static/chunks/2mnl0qv1wk_rl.css?dpl=dpl_CjYqsTCqrBkGq1usDXVn4rukkrAw was preloaded using link preload but not used within a few seconds from the window's load event. Please make sure it has an appropriate `as` value and it is preloaded intentionally. @ https://vercel.com/mhingora90s-projects/golf-grove-dms/deployments:0
[  207031ms] [WARNING] The resource https://vercel.com/_next/static/chunks/0ld0e81xyg1qc.css?dpl=dpl_CjYqsTCqrBkGq1usDXVn4rukkrAw was preloaded using link preload but not used within a few seconds from the window's load event. Please make sure it has an appropriate `as` value and it is preloaded intentionally. @ https://vercel.com/mhingora90s-projects/golf-grove-dms/deployments:0
[  207031ms] [WARNING] The resource https://vercel.com/_next/static/chunks/13t1j7hlxsp-_.css?dpl=dpl_CjYqsTCqrBkGq1usDXVn4rukkrAw was preloaded using link preload but not used within a few seconds from the window's load event. Please make sure it has an appropriate `as` value and it is preloaded intentionally. @ https://vercel.com/mhingora90s-projects/golf-grove-dms/deployments:0
[  210136ms] [WARNING] The resource https://vercel.com/_next/static/chunks/08cd0i4vtwexf.css?dpl=dpl_CjYqsTCqrBkGq1usDXVn4rukkrAw was preloaded using link preload but not used within a few seconds from the window's load event. Please make sure it has an appropriate `as` value and it is preloaded intentionally. @ https://vercel.com/mhingora90s-projects/golf-grove-dms/deployments:0
[  210136ms] [WARNING] The resource https://vercel.com/_next/static/chunks/3j7d6ld0gjv-a.css?dpl=dpl_CjYqsTCqrBkGq1usDXVn4rukkrAw was preloaded using link preload but not used within a few seconds from the window's load event. Please make sure it has an appropriate `as` value and it is preloaded intentionally. @ https://vercel.com/mhingora90s-projects/golf-grove-dms/deployments:0
[  210136ms] [WARNING] The resource https://vercel.com/_next/static/chunks/1tiefx_0-i8d9.css?dpl=dpl_CjYqsTCqrBkGq1usDXVn4rukkrAw was preloaded using link preload but not used within a few seconds from the window's load event. Please make sure it has an appropriate `as` value and it is preloaded intentionally. @ https://vercel.com/mhingora90s-projects/golf-grove-dms/deployments:0
[  210136ms] [WARNING] The resource https://vercel.com/_next/static/chunks/1idpst0wk_paq.css?dpl=dpl_CjYqsTCqrBkGq1usDXVn4rukkrAw was preloaded using link preload but not used within a few seconds from the window's load event. Please make sure it has an appropriate `as` value and it is preloaded intentionally. @ https://vercel.com/mhingora90s-projects/golf-grove-dms/deployments:0
[  210137ms] [WARNING] The resource https://vercel.com/_next/static/chunks/2yyej6_p7--p3.css?dpl=dpl_CjYqsTCqrBkGq1usDXVn4rukkrAw was preloaded using link preload but not used within a few seconds from the window's load event. Please make sure it has an appropriate `as` value and it is preloaded intentionally. @ https://vercel.com/mhingora90s-projects/golf-grove-dms/deployments:0
[  210137ms] [WARNING] The resource https://vercel.com/_next/static/chunks/3_ievhbgysuv-.css?dpl=dpl_CjYqsTCqrBkGq1usDXVn4rukkrAw was preloaded using link preload but not used within a few seconds from the window's load event. Please make sure it has an appropriate `as` value and it is preloaded intentionally. @ https://vercel.com/mhingora90s-projects/golf-grove-dms/deployments:0
[  210137ms] [WARNING] The resource https://vercel.com/_next/static/chunks/3d792zqltro0t.css?dpl=dpl_CjYqsTCqrBkGq1usDXVn4rukkrAw was preloaded using link preload but not used within a few seconds from the window's load event. Please make sure it has an appropriate `as` value and it is preloaded intentionally. @ https://vercel.com/mhingora90s-projects/golf-grove-dms/deployments:0
[  210137ms] [WARNING] The resource https://vercel.com/_next/static/chunks/2mnl0qv1wk_rl.css?dpl=dpl_CjYqsTCqrBkGq1usDXVn4rukkrAw was preloaded using link preload but not used within a few seconds from the window's load event. Please make sure it has an appropriate `as` value and it is preloaded intentionally. @ https://vercel.com/mhingora90s-projects/golf-grove-dms/deployments:0
[  210138ms] [WARNING] The resource https://vercel.com/_next/static/chunks/0ld0e81xyg1qc.css?dpl=dpl_CjYqsTCqrBkGq1usDXVn4rukkrAw was preloaded using link preload but not used within a few seconds from the window's load event. Please make sure it has an appropriate `as` value and it is preloaded intentionally. @ https://vercel.com/mhingora90s-projects/golf-grove-dms/deployments:0
[  210138ms] [WARNING] The resource https://vercel.com/_next/static/chunks/13t1j7hlxsp-_.css?dpl=dpl_CjYqsTCqrBkGq1usDXVn4rukkrAw was preloaded using link preload but not used within a few seconds from the window's load event. Please make sure it has an appropriate `as` value and it is preloaded intentionally. @ https://vercel.com/mhingora90s-projects/golf-grove-dms/deployments:0
[  215520ms] [WARNING] The resource https://vercel.com/_next/static/chunks/08cd0i4vtwexf.css?dpl=dpl_CjYqsTCqrBkGq1usDXVn4rukkrAw was preloaded using link preload but not used within a few seconds from the window's load event. Please make sure it has an appropriate `as` value and it is preloaded intentionally. @ https://vercel.com/mhingora90s-projects/golf-grove-dms/deployments:0
[  215520ms] [WARNING] The resource https://vercel.com/_next/static/chunks/3j7d6ld0gjv-a.css?dpl=dpl_CjYqsTCqrBkGq1usDXVn4rukkrAw was preloaded using link preload but not used within a few seconds from the window's load event. Please make sure it has an appropriate `as` value and it is preloaded intentionally. @ https://vercel.com/mhingora90s-projects/golf-grove-dms/deployments:0
[  215521ms] [WARNING] The resource https://vercel.com/_next/static/chunks/1tiefx_0-i8d9.css?dpl=dpl_CjYqsTCqrBkGq1usDXVn4rukkrAw was preloaded using link preload but not used within a few seconds from the window's load event. Please make sure it has an appropriate `as` value and it is preloaded intentionally. @ https://vercel.com/mhingora90s-projects/golf-grove-dms/deployments:0
[  215521ms] [WARNING] The resource https://vercel.com/_next/static/chunks/1idpst0wk_paq.css?dpl=dpl_CjYqsTCqrBkGq1usDXVn4rukkrAw was preloaded using link preload but not used within a few seconds from the window's load event. Please make sure it has an appropriate `as` value and it is preloaded intentionally. @ https://vercel.com/mhingora90s-projects/golf-grove-dms/deployments:0
[  215521ms] [WARNING] The resource https://vercel.com/_next/static/chunks/2yyej6_p7--p3.css?dpl=dpl_CjYqsTCqrBkGq1usDXVn4rukkrAw was preloaded using link preload but not used within a few seconds from the window's load event. Please make sure it has an appropriate `as` value and it is preloaded intentionally. @ https://vercel.com/mhingora90s-projects/golf-grove-dms/deployments:0
[  215521ms] [WARNING] The resource https://vercel.com/_next/static/chunks/3_ievhbgysuv-.css?dpl=dpl_CjYqsTCqrBkGq1usDXVn4rukkrAw was preloaded using link preload but not used within a few seconds from the window's load event. Please make sure it has an appropriate `as` value and it is preloaded intentionally. @ https://vercel.com/mhingora90s-projects/golf-grove-dms/deployments:0
[  215521ms] [WARNING] The resource https://vercel.com/_next/static/chunks/3d792zqltro0t.css?dpl=dpl_CjYqsTCqrBkGq1usDXVn4rukkrAw was preloaded using link preload but not used within a few seconds from the window's load event. Please make sure it has an appropriate `as` value and it is preloaded intentionally. @ https://vercel.com/mhingora90s-projects/golf-grove-dms/deployments:0
[  215521ms] [WARNING] The resource https://vercel.com/_next/static/chunks/2mnl0qv1wk_rl.css?dpl=dpl_CjYqsTCqrBkGq1usDXVn4rukkrAw was preloaded using link preload but not used within a few seconds from the window's load event. Please make sure it has an appropriate `as` value and it is preloaded intentionally. @ https://vercel.com/mhingora90s-projects/golf-grove-dms/deployments:0
[  215521ms] [WARNING] The resource https://vercel.com/_next/static/chunks/0ld0e81xyg1qc.css?dpl=dpl_CjYqsTCqrBkGq1usDXVn4rukkrAw was preloaded using link preload but not used within a few seconds from the window's load event. Please make sure it has an appropriate `as` value and it is preloaded intentionally. @ https://vercel.com/mhingora90s-projects/golf-grove-dms/deployments:0
[  215521ms] [WARNING] The resource https://vercel.com/_next/static/chunks/13t1j7hlxsp-_.css?dpl=dpl_CjYqsTCqrBkGq1usDXVn4rukkrAw was preloaded using link preload but not used within a few seconds from the window's load event. Please make sure it has an appropriate `as` value and it is preloaded intentionally. @ https://vercel.com/mhingora90s-projects/golf-grove-dms/deployments:0
[  224155ms] [WARNING] The resource https://vercel.com/_next/static/chunks/08cd0i4vtwexf.css?dpl=dpl_CjYqsTCqrBkGq1usDXVn4rukkrAw was preloaded using link preload but not used within a few seconds from the window's load event. Please make sure it has an appropriate `as` value and it is preloaded intentionally. @ https://vercel.com/mhingora90s-projects/golf-grove-dms/deployments:0
[  224156ms] [WARNING] The resource https://vercel.com/_next/static/chunks/3j7d6ld0gjv-a.css?dpl=dpl_CjYqsTCqrBkGq1usDXVn4rukkrAw was preloaded using link preload but not used within a few seconds from the window's load event. Please make sure it has an appropriate `as` value and it is preloaded intentionally. @ https://vercel.com/mhingora90s-projects/golf-grove-dms/deployments:0
[  224156ms] [WARNING] The resource https://vercel.com/_next/static/chunks/1tiefx_0-i8d9.css?dpl=dpl_CjYqsTCqrBkGq1usDXVn4rukkrAw was preloaded using link preload but not used within a few seconds from the window's load event. Please make sure it has an appropriate `as` value and it is preloaded intentionally. @ https://vercel.com/mhingora90s-projects/golf-grove-dms/deployments:0
[  224157ms] [WARNING] The resource https://vercel.com/_next/static/chunks/1idpst0wk_paq.css?dpl=dpl_CjYqsTCqrBkGq1usDXVn4rukkrAw was preloaded using link preload but not used within a few seconds from the window's load event. Please make sure it has an appropriate `as` value and it is preloaded intentionally. @ https://vercel.com/mhingora90s-projects/golf-grove-dms/deployments:0
[  224157ms] [WARNING] The resource https://vercel.com/_next/static/chunks/2yyej6_p7--p3.css?dpl=dpl_CjYqsTCqrBkGq1usDXVn4rukkrAw was preloaded using link preload but not used within a few seconds from the window's load event. Please make sure it has an appropriate `as` value and it is preloaded intentionally. @ https://vercel.com/mhingora90s-projects/golf-grove-dms/deployments:0
[  224157ms] [WARNING] The resource https://vercel.com/_next/static/chunks/3_ievhbgysuv-.css?dpl=dpl_CjYqsTCqrBkGq1usDXVn4rukkrAw was preloaded using link preload but not used within a few seconds from the window's load event. Please make sure it has an appropriate `as` value and it is preloaded intentionally. @ https://vercel.com/mhingora90s-projects/golf-grove-dms/deployments:0
[  224158ms] [WARNING] The resource https://vercel.com/_next/static/chunks/3d792zqltro0t.css?dpl=dpl_CjYqsTCqrBkGq1usDXVn4rukkrAw was preloaded using link preload but not used within a few seconds from the window's load event. Please make sure it has an appropriate `as` value and it is preloaded intentionally. @ https://vercel.com/mhingora90s-projects/golf-grove-dms/deployments:0
[  224158ms] [WARNING] The resource https://vercel.com/_next/static/chunks/2mnl0qv1wk_rl.css?dpl=dpl_CjYqsTCqrBkGq1usDXVn4rukkrAw was preloaded using link preload but not used within a few seconds from the window's load event. Please make sure it has an appropriate `as` value and it is preloaded intentionally. @ https://vercel.com/mhingora90s-projects/golf-grove-dms/deployments:0
[  224158ms] [WARNING] The resource https://vercel.com/_next/static/chunks/0ld0e81xyg1qc.css?dpl=dpl_CjYqsTCqrBkGq1usDXVn4rukkrAw was preloaded using link preload but not used within a few seconds from the window's load event. Please make sure it has an appropriate `as` value and it is preloaded intentionally. @ https://vercel.com/mhingora90s-projects/golf-grove-dms/deployments:0
[  224159ms] [WARNING] The resource https://vercel.com/_next/static/chunks/13t1j7hlxsp-_.css?dpl=dpl_CjYqsTCqrBkGq1usDXVn4rukkrAw was preloaded using link preload but not used within a few seconds from the window's load event. Please make sure it has an appropriate `as` value and it is preloaded intentionally. @ https://vercel.com/mhingora90s-projects/golf-grove-dms/deployments:0
