[      20ms] [WARNING]  Ably presence channel error e: Connection closed
    at e.fromValues (https://zapier.com/editor/_next/static/chunks/45cbd34e.43cf2204ded5b27e.js:1:4641)
    at Object.closed (https://zapier.com/editor/_next/static/chunks/45cbd34e.43cf2204ded5b27e.js:1:95149)
    at nD.close (https://zapier.com/editor/_next/static/chunks/45cbd34e.43cf2204ded5b27e.js:1:95924)
    at e.closeImpl (https://zapier.com/editor/_next/static/chunks/45cbd34e.43cf2204ded5b27e.js:1:124299)
    at e.requestState (https://zapier.com/editor/_next/static/chunks/45cbd34e.43cf2204ded5b27e.js:1:120532)
    at https://zapier.com/editor/_next/static/chunks/45cbd34e.43cf2204ded5b27e.js:1:104603 @ https://edge.fullstory.com/s/fs.js:3
[     922ms] [ERROR] Loading the font 'https://k2mkucxia43oc7fa.public.blob.vercel-storage.com/front/fonts/space-mono/space-mono-v11-latin-regular.woff2' violates the following Content Security Policy directive: "font-src 'self' *.vercel.com *.gstatic.com vercel.live". The action has been blocked. @ https://vercel.com/mhingora90s-projects/golf-grove-dms/deployments:372
[    3590ms] [LOG] %c
▲

__  __                                     _            __
\ \/ /___  __  __   _________ _____       (_)_  _______/ /_
 \  / __ \/ / / /  / ___/ __ `/ __ \     / / / / / ___/ __/
 / / /_/ / /_/ /  / /__/ /_/ / / / /    / / /_/ (__  ) /_
/_/\____/\__,_/   \___/\__,_/_/ /_/  __/ /\__,_/____/\__/
         __    _          __  __    /___/
   _____/ /_  (_)___     / /_/ /_  (_)___  ____ ______
  / ___/ __ \/ / __ \   / __/ __ \/ / __ \/ __ `/ ___/
 (__  ) / / / / /_/ /  / /_/ / / / / / / / /_/ (__  )
/____/_/ /_/_/ .___/   \__/_/ /_/_/_/ /_/\__, /____/
            /_/                         /____/
  

Hello!

- Open Source https://vercel.com/oss
- Careers https://vercel.com/careers
- Status https://vercel-status.com

 font-family: "Geist Mono", monospace; white-space: pre; line-height: 1; @ https://vercel.com/_next/static/chunks/1sklb0_6pfvt1.js?dpl=dpl_2MxvReGfoHA1VPhTq111MpqHqo4X:78
[   13397ms] [WARNING] Deprecated API for given entry type. @ https://vercel.com/_next/static/chunks/1gl1v7925hh-n.js?dpl=dpl_2MxvReGfoHA1VPhTq111MpqHqo4X:18
[   31126ms] [WARNING] The resource https://vercel.com/_next/static/chunks/3g-na_zv_-cc_.css?dpl=dpl_2MxvReGfoHA1VPhTq111MpqHqo4X was preloaded using link preload but not used within a few seconds from the window's load event. Please make sure it has an appropriate `as` value and it is preloaded intentionally. @ https://vercel.com/mhingora90s-projects/golf-grove-dms/deployments:0
[   31126ms] [WARNING] The resource https://vercel.com/_next/static/chunks/08cd0i4vtwexf.css?dpl=dpl_2MxvReGfoHA1VPhTq111MpqHqo4X was preloaded using link preload but not used within a few seconds from the window's load event. Please make sure it has an appropriate `as` value and it is preloaded intentionally. @ https://vercel.com/mhingora90s-projects/golf-grove-dms/deployments:0
[   31126ms] [WARNING] The resource https://vercel.com/_next/static/chunks/2mnl0qv1wk_rl.css?dpl=dpl_2MxvReGfoHA1VPhTq111MpqHqo4X was preloaded using link preload but not used within a few seconds from the window's load event. Please make sure it has an appropriate `as` value and it is preloaded intentionally. @ https://vercel.com/mhingora90s-projects/golf-grove-dms/deployments:0
[   31126ms] [WARNING] The resource https://vercel.com/_next/static/chunks/2czma7zk1bbb3.css?dpl=dpl_2MxvReGfoHA1VPhTq111MpqHqo4X was preloaded using link preload but not used within a few seconds from the window's load event. Please make sure it has an appropriate `as` value and it is preloaded intentionally. @ https://vercel.com/mhingora90s-projects/golf-grove-dms/deployments:0
[   31126ms] [WARNING] The resource https://vercel.com/_next/static/chunks/13t1j7hlxsp-_.css?dpl=dpl_2MxvReGfoHA1VPhTq111MpqHqo4X was preloaded using link preload but not used within a few seconds from the window's load event. Please make sure it has an appropriate `as` value and it is preloaded intentionally. @ https://vercel.com/mhingora90s-projects/golf-grove-dms/deployments:0
[   31126ms] [WARNING] The resource https://vercel.com/_next/static/chunks/3fd49nnoyujvi.css?dpl=dpl_2MxvReGfoHA1VPhTq111MpqHqo4X was preloaded using link preload but not used within a few seconds from the window's load event. Please make sure it has an appropriate `as` value and it is preloaded intentionally. @ https://vercel.com/mhingora90s-projects/golf-grove-dms/deployments:0
[   31126ms] [WARNING] The resource https://vercel.com/_next/static/chunks/0ld0e81xyg1qc.css?dpl=dpl_2MxvReGfoHA1VPhTq111MpqHqo4X was preloaded using link preload but not used within a few seconds from the window's load event. Please make sure it has an appropriate `as` value and it is preloaded intentionally. @ https://vercel.com/mhingora90s-projects/golf-grove-dms/deployments:0
[   31127ms] [WARNING] The resource https://vercel.com/_next/static/chunks/0n39euk-zcvro.css?dpl=dpl_2MxvReGfoHA1VPhTq111MpqHqo4X was preloaded using link preload but not used within a few seconds from the window's load event. Please make sure it has an appropriate `as` value and it is preloaded intentionally. @ https://vercel.com/mhingora90s-projects/golf-grove-dms/deployments:0
[   31127ms] [WARNING] The resource https://vercel.com/_next/static/chunks/0_paurlkdsb9n.css?dpl=dpl_2MxvReGfoHA1VPhTq111MpqHqo4X was preloaded using link preload but not used within a few seconds from the window's load event. Please make sure it has an appropriate `as` value and it is preloaded intentionally. @ https://vercel.com/mhingora90s-projects/golf-grove-dms/deployments:0
[   31127ms] [WARNING] The resource https://vercel.com/_next/static/chunks/2o7aeb7l3su_5.css?dpl=dpl_2MxvReGfoHA1VPhTq111MpqHqo4X was preloaded using link preload but not used within a few seconds from the window's load event. Please make sure it has an appropriate `as` value and it is preloaded intentionally. @ https://vercel.com/mhingora90s-projects/golf-grove-dms/deployments:0
[   31127ms] [WARNING] The resource https://vercel.com/_next/static/chunks/3d792zqltro0t.css?dpl=dpl_2MxvReGfoHA1VPhTq111MpqHqo4X was preloaded using link preload but not used within a few seconds from the window's load event. Please make sure it has an appropriate `as` value and it is preloaded intentionally. @ https://vercel.com/mhingora90s-projects/golf-grove-dms/deployments:0
