[    2044ms] [LOG] Supabase Studio is running commit 29bfa7b75bd5f1209717efdc3f08b2a84764f982 deployed at 2026-05-14 22:52:49 +04:00. @ https://frontend-assets.supabase.com/studio/29bfa7b75bd5/_next/static/chunks/0~c.i.gke55fs.js?dpl=dpl_CSpr2kqhJNfpaoFq24dWdD4TvjMA:12
[    2569ms] [ERROR] Flag key "headerUpgradeCta" does not exist in PostHog flag store @ https://frontend-assets.supabase.com/studio/29bfa7b75bd5/_next/static/chunks/0~c.i.gke55fs.js?dpl=dpl_CSpr2kqhJNfpaoFq24dWdD4TvjMA:12
[    2701ms] [ERROR] Flag key "headerUpgradeCta" does not exist in PostHog flag store @ https://frontend-assets.supabase.com/studio/29bfa7b75bd5/_next/static/chunks/0~c.i.gke55fs.js?dpl=dpl_CSpr2kqhJNfpaoFq24dWdD4TvjMA:12
[    2737ms] [ERROR] Connecting to 'https://analytics.google.com/g/collect?a=adblocker_check' violates the following Content Security Policy directive: "default-src 'self' https://api.supabase.com http://localhost:8000 https://auth.supabase.io https://otqhrpbxhxkrhrnjqbba.supabase.co ws://localhost:8000 wss://localhost:8000 https://*.supabase.co https://*.storage.supabase.co wss://*.supabase.co https://*.hcaptcha.com https://cdn-global.configcat.com https://configcat.supabase.com https://*.stripe.com https://*.stripe.network https://www.cloudflare.com https://*.vercel-insights.com https://api.github.com https://raw.githubusercontent.com https://frontend-assets.supabase.com https://*.usercentrics.eu https://ss.supabase.com https://maps.googleapis.com https://ph.supabase.com https://cdnjs.cloudflare.com wss://*.pusher.com https://*.ingest.sentry.io https://*.ingest.us.sentry.io https://*.ingest.de.sentry.io". Note that 'connect-src' was not explicitly set, so 'default-src' is used as a fallback. The action has been blocked. @ https://frontend-assets.supabase.com/studio/29bfa7b75bd5/_next/static/chunks/0~c.i.gke55fs.js?dpl=dpl_CSpr2kqhJNfpaoFq24dWdD4TvjMA:12
[    2738ms] [ERROR] Fetch API cannot load https://analytics.google.com/g/collect?a=adblocker_check. Refused to connect because it violates the document's Content Security Policy. @ https://frontend-assets.supabase.com/studio/29bfa7b75bd5/_next/static/chunks/0~c.i.gke55fs.js?dpl=dpl_CSpr2kqhJNfpaoFq24dWdD4TvjMA:12
[    3019ms] [ERROR] Flag key "headerUpgradeCta" does not exist in PostHog flag store @ https://frontend-assets.supabase.com/studio/29bfa7b75bd5/_next/static/chunks/0~c.i.gke55fs.js?dpl=dpl_CSpr2kqhJNfpaoFq24dWdD4TvjMA:12
[    3028ms] [ERROR] Flag key "headerUpgradeCta" does not exist in PostHog flag store @ https://frontend-assets.supabase.com/studio/29bfa7b75bd5/_next/static/chunks/0~c.i.gke55fs.js?dpl=dpl_CSpr2kqhJNfpaoFq24dWdD4TvjMA:12
[    3052ms] [ERROR] Flag key "headerUpgradeCta" does not exist in PostHog flag store @ https://frontend-assets.supabase.com/studio/29bfa7b75bd5/_next/static/chunks/0~c.i.gke55fs.js?dpl=dpl_CSpr2kqhJNfpaoFq24dWdD4TvjMA:12
[    3096ms] [ERROR] Flag key "headerUpgradeCta" does not exist in PostHog flag store @ https://frontend-assets.supabase.com/studio/29bfa7b75bd5/_next/static/chunks/0~c.i.gke55fs.js?dpl=dpl_CSpr2kqhJNfpaoFq24dWdD4TvjMA:12
[    3463ms] [ERROR] Flag key "headerUpgradeCta" does not exist in PostHog flag store @ https://frontend-assets.supabase.com/studio/29bfa7b75bd5/_next/static/chunks/0~c.i.gke55fs.js?dpl=dpl_CSpr2kqhJNfpaoFq24dWdD4TvjMA:12
[    5218ms] [WARNING] [Warning] Please install/enable Redux devtools extension @ https://frontend-assets.supabase.com/studio/29bfa7b75bd5/_next/static/chunks/0~c.i.gke55fs.js?dpl=dpl_CSpr2kqhJNfpaoFq24dWdD4TvjMA:12
[   77371ms] [LOG] %c%s color: red; background: yellow; font-size: 24px; WARNING! @ https://www.gstatic.com/_/mss/boq-identity/_/js/k=boq-identity.AccountsSignInUi.en.JhxErr_badU.es5.O/am=iW8AAACEQhQhA4D7_38DAAggiA74ngVoAoQMAAAAAAAAAABYAgAAjQ/d=1/excm=_b,_tp,accountchooserview/ed=1/dg=0/wt=2/ujg=1/rs=AOaEmlFKpzpX1dWSYEK4rP3tSJF3nUxgWQ/dti=1/m=_b,_tp:545
[   77371ms] [LOG] %c%s font-size: 18px; Using this console may allow attackers to impersonate you and steal your information using an attack called Self-XSS.
Do not enter or paste code that you do not understand. @ https://www.gstatic.com/_/mss/boq-identity/_/js/k=boq-identity.AccountsSignInUi.en.JhxErr_badU.es5.O/am=iW8AAACEQhQhA4D7_38DAAggiA74ngVoAoQMAAAAAAAAAABYAgAAjQ/d=1/excm=_b,_tp,accountchooserview/ed=1/dg=0/wt=2/ujg=1/rs=AOaEmlFKpzpX1dWSYEK4rP3tSJF3nUxgWQ/dti=1/m=_b,_tp:545
[   86168ms] [LOG] Supabase Studio is running commit 29bfa7b75bd5f1209717efdc3f08b2a84764f982 deployed at 2026-05-14 22:52:49 +04:00. @ https://frontend-assets.supabase.com/studio/29bfa7b75bd5/_next/static/chunks/0~c.i.gke55fs.js?dpl=dpl_CSpr2kqhJNfpaoFq24dWdD4TvjMA:12
[   86539ms] [WARNING] [Warning] Please install/enable Redux devtools extension @ https://frontend-assets.supabase.com/studio/29bfa7b75bd5/_next/static/chunks/0~c.i.gke55fs.js?dpl=dpl_CSpr2kqhJNfpaoFq24dWdD4TvjMA:12
[   88232ms] [ERROR] Flag key "headerUpgradeCta" does not exist in PostHog flag store @ https://frontend-assets.supabase.com/studio/29bfa7b75bd5/_next/static/chunks/0~c.i.gke55fs.js?dpl=dpl_CSpr2kqhJNfpaoFq24dWdD4TvjMA:12
[   89460ms] [ERROR] Flag key "headerUpgradeCta" does not exist in PostHog flag store @ https://frontend-assets.supabase.com/studio/29bfa7b75bd5/_next/static/chunks/0~c.i.gke55fs.js?dpl=dpl_CSpr2kqhJNfpaoFq24dWdD4TvjMA:12
[ 2805278ms] [ERROR] Flag key "headerUpgradeCta" does not exist in PostHog flag store @ https://frontend-assets.supabase.com/studio/29bfa7b75bd5/_next/static/chunks/0~c.i.gke55fs.js?dpl=dpl_CSpr2kqhJNfpaoFq24dWdD4TvjMA:12
[ 2805534ms] [ERROR] Flag key "headerUpgradeCta" does not exist in PostHog flag store @ https://frontend-assets.supabase.com/studio/29bfa7b75bd5/_next/static/chunks/0~c.i.gke55fs.js?dpl=dpl_CSpr2kqhJNfpaoFq24dWdD4TvjMA:12
[ 2806232ms] [ERROR] Flag key "headerUpgradeCta" does not exist in PostHog flag store @ https://frontend-assets.supabase.com/studio/29bfa7b75bd5/_next/static/chunks/0~c.i.gke55fs.js?dpl=dpl_CSpr2kqhJNfpaoFq24dWdD4TvjMA:12
[ 4494999ms] [ERROR] Flag key "headerUpgradeCta" does not exist in PostHog flag store @ https://frontend-assets.supabase.com/studio/29bfa7b75bd5/_next/static/chunks/0~c.i.gke55fs.js?dpl=dpl_CSpr2kqhJNfpaoFq24dWdD4TvjMA:12
