[     747ms] [ERROR] Loading the font 'https://k2mkucxia43oc7fa.public.blob.vercel-storage.com/front/fonts/space-mono/space-mono-v11-latin-regular.woff2' violates the following Content Security Policy directive: "font-src 'self' *.vercel.com *.gstatic.com vercel.live". The action has been blocked. @ https://vercel.com/login?next=%2Fmhingora90s-projects%2Fgolf-grove-dms%2Fsettings%2Fenvironment-variables:76
[    1578ms] [LOG] %c
▲

    ____                               _ __
   / __ \________  ____ _____ ___     (_) /_
  / / / / ___/ _ \/ __ `/ __ `__ \   / / __/
 / /_/ / /  /  __/ /_/ / / / / / /  / / /__
/_____/_/   \___/\__,_/_/ /_/ /_/  /_/\__( )
   _____ __    _          _ __           |/
  / ___// /_  (_)___     (_) /_
  \__ \/ __ \/ / __ \   / / __/
 ___/ / / / / / /_/ /  / / /_
/____/_/ /_/_/ .___/  /_/\__/
            /_/
  

Hello!

- Open Source https://vercel.com/oss
- Careers https://vercel.com/careers
- Status https://vercel-status.com

 font-family: "Geist Mono", monospace; white-space: pre; line-height: 1; @ https://vercel.com/_next/static/chunks/1sklb0_6pfvt1.js?dpl=dpl_3maTuwTUf7H96c1cGxtkw1mqXubY:78
[    3499ms] [ERROR] Failed to load resource: the server responded with a status of 403 () @ https://vercel.com/api/jwt:0
[    3556ms] [WARNING] [GSI_LOGGER]: Your client application uses one of the Google One Tap prompt UI status methods that may stop functioning when FedCM becomes mandatory. Refer to the migration guide to update your code accordingly and opt-in to FedCM to test your changes. Learn more: https://developers.google.com/identity/gsi/web/guides/fedcm-migration?s=dc#display_moment and https://developers.google.com/identity/gsi/web/guides/fedcm-migration?s=dc#skipped_moment @ https://accounts.google.com/gsi/client:84
[    3698ms] [ERROR] Not signed in with the identity provider. @ https://vercel.com/login?next=%2Fmhingora90s-projects%2Fgolf-grove-dms%2Fsettings%2Fenvironment-variables:0
[    4285ms] [WARNING] Deprecated API for given entry type. @ https://vercel.com/_next/static/chunks/1gl1v7925hh-n.js?dpl=dpl_3maTuwTUf7H96c1cGxtkw1mqXubY:18
[    7862ms] [WARNING] The resource https://vercel.com/_next/static/media/adobe-light.406_7oryl71va.svg?dpl=dpl_3maTuwTUf7H96c1cGxtkw1mqXubY was preloaded using link preload but not used within a few seconds from the window's load event. Please make sure it has an appropriate `as` value and it is preloaded intentionally. @ https://vercel.com/login?next=%2Fmhingora90s-projects%2Fgolf-grove-dms%2Fsettings%2Fenvironment-variables:0
[    7863ms] [WARNING] The resource https://vercel.com/_next/static/media/stripe-dark.16ozjth2vgb_3.svg?dpl=dpl_3maTuwTUf7H96c1cGxtkw1mqXubY was preloaded using link preload but not used within a few seconds from the window's load event. Please make sure it has an appropriate `as` value and it is preloaded intentionally. @ https://vercel.com/login?next=%2Fmhingora90s-projects%2Fgolf-grove-dms%2Fsettings%2Fenvironment-variables:0
[    7863ms] [WARNING] The resource https://vercel.com/_next/static/media/stripe-light.2l_1jctpe6k_4.svg?dpl=dpl_3maTuwTUf7H96c1cGxtkw1mqXubY was preloaded using link preload but not used within a few seconds from the window's load event. Please make sure it has an appropriate `as` value and it is preloaded intentionally. @ https://vercel.com/login?next=%2Fmhingora90s-projects%2Fgolf-grove-dms%2Fsettings%2Fenvironment-variables:0
[    7863ms] [WARNING] The resource https://vercel.com/_next/static/chunks/2cpglv-d16ekd.css?dpl=dpl_3maTuwTUf7H96c1cGxtkw1mqXubY was preloaded using link preload but not used within a few seconds from the window's load event. Please make sure it has an appropriate `as` value and it is preloaded intentionally. @ https://vercel.com/login?next=%2Fmhingora90s-projects%2Fgolf-grove-dms%2Fsettings%2Fenvironment-variables:0
[    7863ms] [WARNING] The resource https://vercel.com/_next/static/chunks/43gs3ve_95kmq.css?dpl=dpl_3maTuwTUf7H96c1cGxtkw1mqXubY was preloaded using link preload but not used within a few seconds from the window's load event. Please make sure it has an appropriate `as` value and it is preloaded intentionally. @ https://vercel.com/login?next=%2Fmhingora90s-projects%2Fgolf-grove-dms%2Fsettings%2Fenvironment-variables:0
[    7863ms] [WARNING] The resource https://vercel.com/_next/static/media/ebay-dark.34mho2a18qqlt.svg?dpl=dpl_3maTuwTUf7H96c1cGxtkw1mqXubY was preloaded using link preload but not used within a few seconds from the window's load event. Please make sure it has an appropriate `as` value and it is preloaded intentionally. @ https://vercel.com/login?next=%2Fmhingora90s-projects%2Fgolf-grove-dms%2Fsettings%2Fenvironment-variables:0
[    7863ms] [WARNING] The resource https://vercel.com/_next/static/media/ebay-light.3ft_ki8203ov0.svg?dpl=dpl_3maTuwTUf7H96c1cGxtkw1mqXubY was preloaded using link preload but not used within a few seconds from the window's load event. Please make sure it has an appropriate `as` value and it is preloaded intentionally. @ https://vercel.com/login?next=%2Fmhingora90s-projects%2Fgolf-grove-dms%2Fsettings%2Fenvironment-variables:0
[   17327ms] [WARNING] The resource https://vercel.com/_next/static/media/adobe-light.406_7oryl71va.svg?dpl=dpl_3maTuwTUf7H96c1cGxtkw1mqXubY was preloaded using link preload but not used within a few seconds from the window's load event. Please make sure it has an appropriate `as` value and it is preloaded intentionally. @ https://vercel.com/login?next=%2Fmhingora90s-projects%2Fgolf-grove-dms%2Fsettings%2Fenvironment-variables:0
[   17328ms] [WARNING] The resource https://vercel.com/_next/static/media/stripe-dark.16ozjth2vgb_3.svg?dpl=dpl_3maTuwTUf7H96c1cGxtkw1mqXubY was preloaded using link preload but not used within a few seconds from the window's load event. Please make sure it has an appropriate `as` value and it is preloaded intentionally. @ https://vercel.com/login?next=%2Fmhingora90s-projects%2Fgolf-grove-dms%2Fsettings%2Fenvironment-variables:0
[   17329ms] [WARNING] The resource https://vercel.com/_next/static/media/stripe-light.2l_1jctpe6k_4.svg?dpl=dpl_3maTuwTUf7H96c1cGxtkw1mqXubY was preloaded using link preload but not used within a few seconds from the window's load event. Please make sure it has an appropriate `as` value and it is preloaded intentionally. @ https://vercel.com/login?next=%2Fmhingora90s-projects%2Fgolf-grove-dms%2Fsettings%2Fenvironment-variables:0
[   17330ms] [WARNING] The resource https://vercel.com/_next/static/chunks/2cpglv-d16ekd.css?dpl=dpl_3maTuwTUf7H96c1cGxtkw1mqXubY was preloaded using link preload but not used within a few seconds from the window's load event. Please make sure it has an appropriate `as` value and it is preloaded intentionally. @ https://vercel.com/login?next=%2Fmhingora90s-projects%2Fgolf-grove-dms%2Fsettings%2Fenvironment-variables:0
[   17330ms] [WARNING] The resource https://vercel.com/_next/static/chunks/43gs3ve_95kmq.css?dpl=dpl_3maTuwTUf7H96c1cGxtkw1mqXubY was preloaded using link preload but not used within a few seconds from the window's load event. Please make sure it has an appropriate `as` value and it is preloaded intentionally. @ https://vercel.com/login?next=%2Fmhingora90s-projects%2Fgolf-grove-dms%2Fsettings%2Fenvironment-variables:0
[   17331ms] [WARNING] The resource https://vercel.com/_next/static/media/ebay-dark.34mho2a18qqlt.svg?dpl=dpl_3maTuwTUf7H96c1cGxtkw1mqXubY was preloaded using link preload but not used within a few seconds from the window's load event. Please make sure it has an appropriate `as` value and it is preloaded intentionally. @ https://vercel.com/login?next=%2Fmhingora90s-projects%2Fgolf-grove-dms%2Fsettings%2Fenvironment-variables:0
[   17331ms] [WARNING] The resource https://vercel.com/_next/static/media/ebay-light.3ft_ki8203ov0.svg?dpl=dpl_3maTuwTUf7H96c1cGxtkw1mqXubY was preloaded using link preload but not used within a few seconds from the window's load event. Please make sure it has an appropriate `as` value and it is preloaded intentionally. @ https://vercel.com/login?next=%2Fmhingora90s-projects%2Fgolf-grove-dms%2Fsettings%2Fenvironment-variables:0
[   46905ms] [ERROR] [GSI_LOGGER]: FedCM get() rejects with AbortError: signal is aborted without reason @ https://vercel.com/_next/static/chunks/0aw1spbi34zuk.js?dpl=dpl_3maTuwTUf7H96c1cGxtkw1mqXubY:1
[   47076ms] [ERROR] Failed to load resource: the server responded with a status of 429 () @ https://o205439.ingest.sentry.io/api/1323670/envelope/?sentry_key=d00780d432ac4ccf882f60dd02062e14&sentry_version=7&sentry_client=sentry.javascript.browser%2F7.111.0:0
[  100058ms] [LOG] %c%s color: red; background: yellow; font-size: 24px; WARNING! @ https://www.gstatic.com/_/mss/boq-identity/_/js/k=boq-identity.AccountsSignInUi.en.JhxErr_badU.es5.O/am=iW8AAACEQhQhA4Dx_38DAAggiA74ngVoAoQMAAAAAAAAAABYAgAAjQ/d=1/excm=_b,_tp,accountchooserview/ed=1/dg=0/wt=2/ujg=1/rs=AOaEmlGhZXM-hatlECavGZfXnxmZ64jmHg/dti=1/m=_b,_tp:545
[  100059ms] [LOG] %c%s font-size: 18px; Using this console may allow attackers to impersonate you and steal your information using an attack called Self-XSS.
Do not enter or paste code that you do not understand. @ https://www.gstatic.com/_/mss/boq-identity/_/js/k=boq-identity.AccountsSignInUi.en.JhxErr_badU.es5.O/am=iW8AAACEQhQhA4Dx_38DAAggiA74ngVoAoQMAAAAAAAAAABYAgAAjQ/d=1/excm=_b,_tp,accountchooserview/ed=1/dg=0/wt=2/ujg=1/rs=AOaEmlGhZXM-hatlECavGZfXnxmZ64jmHg/dti=1/m=_b,_tp:545
[  107340ms] [ERROR] Loading the font 'https://k2mkucxia43oc7fa.public.blob.vercel-storage.com/front/fonts/space-mono/space-mono-v11-latin-regular.woff2' violates the following Content Security Policy directive: "font-src 'self' *.vercel.com *.gstatic.com vercel.live". The action has been blocked. @ https://vercel.com/mhingora90s-projects/golf-grove-dms/settings/environment-variables:315
[  108884ms] [LOG] %c
▲

__  __                                     _            __
\ \/ /___  __  __   _________ _____       (_)_  _______/ /_
 \  / __ \/ / / /  / ___/ __ `/ __ \     / / / / / ___/ __/
 / / /_/ / /_/ /  / /__/ /_/ / / / /    / / /_/ (__  ) /_
/_/\____/\__,_/   \___/\__,_/_/ /_/  __/ /\__,_/____/\__/
         __    _          __  __    /___/
   _____/ /_  (_)___     / /_/ /_  (_)___  ____ ______
  / ___/ __ \/ / __ \   / __/ __ \/ / __ \/ __ `/ ___/
 (__  ) / / / / /_/ /  / /_/ / / / / / / / /_/ (__  )
/____/_/ /_/_/ .___/   \__/_/ /_/_/_/ /_/\__, /____/
            /_/                         /____/
  

Hello!

- Open Source https://vercel.com/oss
- Careers https://vercel.com/careers
- Status https://vercel-status.com

 font-family: "Geist Mono", monospace; white-space: pre; line-height: 1; @ https://vercel.com/_next/static/chunks/1sklb0_6pfvt1.js?dpl=dpl_3maTuwTUf7H96c1cGxtkw1mqXubY:78
[  115275ms] [WARNING] Deprecated API for given entry type. @ https://vercel.com/_next/static/chunks/1gl1v7925hh-n.js?dpl=dpl_3maTuwTUf7H96c1cGxtkw1mqXubY:18
[  121384ms] [WARNING] The resource https://vercel.com/_next/static/chunks/2czma7zk1bbb3.css?dpl=dpl_3maTuwTUf7H96c1cGxtkw1mqXubY was preloaded using link preload but not used within a few seconds from the window's load event. Please make sure it has an appropriate `as` value and it is preloaded intentionally. @ https://vercel.com/mhingora90s-projects/golf-grove-dms/settings/environment-variables:0
[  121384ms] [WARNING] The resource https://vercel.com/_next/static/media/caa3a2e1cccd8315.p.400zotvijr2rn.woff2?dpl=dpl_3maTuwTUf7H96c1cGxtkw1mqXubY was preloaded using link preload but not used within a few seconds from the window's load event. Please make sure it has an appropriate `as` value and it is preloaded intentionally. @ https://vercel.com/mhingora90s-projects/golf-grove-dms/settings/environment-variables:0
[  121384ms] [WARNING] The resource https://vercel.com/_next/static/chunks/0ld0e81xyg1qc.css?dpl=dpl_3maTuwTUf7H96c1cGxtkw1mqXubY was preloaded using link preload but not used within a few seconds from the window's load event. Please make sure it has an appropriate `as` value and it is preloaded intentionally. @ https://vercel.com/mhingora90s-projects/golf-grove-dms/settings/environment-variables:0
[  121384ms] [WARNING] The resource https://vercel.com/_next/static/chunks/13t1j7hlxsp-_.css?dpl=dpl_3maTuwTUf7H96c1cGxtkw1mqXubY was preloaded using link preload but not used within a few seconds from the window's load event. Please make sure it has an appropriate `as` value and it is preloaded intentionally. @ https://vercel.com/mhingora90s-projects/golf-grove-dms/settings/environment-variables:0
[  121384ms] [WARNING] The resource https://vercel.com/_next/static/chunks/0n39euk-zcvro.css?dpl=dpl_3maTuwTUf7H96c1cGxtkw1mqXubY was preloaded using link preload but not used within a few seconds from the window's load event. Please make sure it has an appropriate `as` value and it is preloaded intentionally. @ https://vercel.com/mhingora90s-projects/golf-grove-dms/settings/environment-variables:0
[  121385ms] [WARNING] The resource https://vercel.com/_next/static/chunks/0_paurlkdsb9n.css?dpl=dpl_3maTuwTUf7H96c1cGxtkw1mqXubY was preloaded using link preload but not used within a few seconds from the window's load event. Please make sure it has an appropriate `as` value and it is preloaded intentionally. @ https://vercel.com/mhingora90s-projects/golf-grove-dms/settings/environment-variables:0
[  121385ms] [WARNING] The resource https://vercel.com/_next/static/chunks/2mnl0qv1wk_rl.css?dpl=dpl_3maTuwTUf7H96c1cGxtkw1mqXubY was preloaded using link preload but not used within a few seconds from the window's load event. Please make sure it has an appropriate `as` value and it is preloaded intentionally. @ https://vercel.com/mhingora90s-projects/golf-grove-dms/settings/environment-variables:0
[  121385ms] [WARNING] The resource https://vercel.com/_next/static/chunks/3d792zqltro0t.css?dpl=dpl_3maTuwTUf7H96c1cGxtkw1mqXubY was preloaded using link preload but not used within a few seconds from the window's load event. Please make sure it has an appropriate `as` value and it is preloaded intentionally. @ https://vercel.com/mhingora90s-projects/golf-grove-dms/settings/environment-variables:0
[  121385ms] [WARNING] The resource https://vercel.com/_next/static/media/797e433ab948586e.p.3f30ggp2vw8zj.woff2?dpl=dpl_3maTuwTUf7H96c1cGxtkw1mqXubY was preloaded using link preload but not used within a few seconds from the window's load event. Please make sure it has an appropriate `as` value and it is preloaded intentionally. @ https://vercel.com/mhingora90s-projects/golf-grove-dms/settings/environment-variables:0
[  121385ms] [WARNING] The resource https://vercel.com/_next/static/chunks/3fd49nnoyujvi.css?dpl=dpl_3maTuwTUf7H96c1cGxtkw1mqXubY was preloaded using link preload but not used within a few seconds from the window's load event. Please make sure it has an appropriate `as` value and it is preloaded intentionally. @ https://vercel.com/mhingora90s-projects/golf-grove-dms/settings/environment-variables:0
[  121385ms] [WARNING] The resource https://vercel.com/_next/static/chunks/08cd0i4vtwexf.css?dpl=dpl_3maTuwTUf7H96c1cGxtkw1mqXubY was preloaded using link preload but not used within a few seconds from the window's load event. Please make sure it has an appropriate `as` value and it is preloaded intentionally. @ https://vercel.com/mhingora90s-projects/golf-grove-dms/settings/environment-variables:0
[  124444ms] [WARNING] The resource https://vercel.com/_next/static/chunks/2czma7zk1bbb3.css?dpl=dpl_3maTuwTUf7H96c1cGxtkw1mqXubY was preloaded using link preload but not used within a few seconds from the window's load event. Please make sure it has an appropriate `as` value and it is preloaded intentionally. @ https://vercel.com/mhingora90s-projects/golf-grove-dms/settings/environment-variables:0
[  124444ms] [WARNING] The resource https://vercel.com/_next/static/media/caa3a2e1cccd8315.p.400zotvijr2rn.woff2?dpl=dpl_3maTuwTUf7H96c1cGxtkw1mqXubY was preloaded using link preload but not used within a few seconds from the window's load event. Please make sure it has an appropriate `as` value and it is preloaded intentionally. @ https://vercel.com/mhingora90s-projects/golf-grove-dms/settings/environment-variables:0
[  124444ms] [WARNING] The resource https://vercel.com/_next/static/chunks/0ld0e81xyg1qc.css?dpl=dpl_3maTuwTUf7H96c1cGxtkw1mqXubY was preloaded using link preload but not used within a few seconds from the window's load event. Please make sure it has an appropriate `as` value and it is preloaded intentionally. @ https://vercel.com/mhingora90s-projects/golf-grove-dms/settings/environment-variables:0
[  124444ms] [WARNING] The resource https://vercel.com/_next/static/chunks/13t1j7hlxsp-_.css?dpl=dpl_3maTuwTUf7H96c1cGxtkw1mqXubY was preloaded using link preload but not used within a few seconds from the window's load event. Please make sure it has an appropriate `as` value and it is preloaded intentionally. @ https://vercel.com/mhingora90s-projects/golf-grove-dms/settings/environment-variables:0
[  124444ms] [WARNING] The resource https://vercel.com/_next/static/chunks/0n39euk-zcvro.css?dpl=dpl_3maTuwTUf7H96c1cGxtkw1mqXubY was preloaded using link preload but not used within a few seconds from the window's load event. Please make sure it has an appropriate `as` value and it is preloaded intentionally. @ https://vercel.com/mhingora90s-projects/golf-grove-dms/settings/environment-variables:0
[  124444ms] [WARNING] The resource https://vercel.com/_next/static/chunks/0_paurlkdsb9n.css?dpl=dpl_3maTuwTUf7H96c1cGxtkw1mqXubY was preloaded using link preload but not used within a few seconds from the window's load event. Please make sure it has an appropriate `as` value and it is preloaded intentionally. @ https://vercel.com/mhingora90s-projects/golf-grove-dms/settings/environment-variables:0
[  124445ms] [WARNING] The resource https://vercel.com/_next/static/chunks/2mnl0qv1wk_rl.css?dpl=dpl_3maTuwTUf7H96c1cGxtkw1mqXubY was preloaded using link preload but not used within a few seconds from the window's load event. Please make sure it has an appropriate `as` value and it is preloaded intentionally. @ https://vercel.com/mhingora90s-projects/golf-grove-dms/settings/environment-variables:0
[  124445ms] [WARNING] The resource https://vercel.com/_next/static/chunks/3d792zqltro0t.css?dpl=dpl_3maTuwTUf7H96c1cGxtkw1mqXubY was preloaded using link preload but not used within a few seconds from the window's load event. Please make sure it has an appropriate `as` value and it is preloaded intentionally. @ https://vercel.com/mhingora90s-projects/golf-grove-dms/settings/environment-variables:0
[  124445ms] [WARNING] The resource https://vercel.com/_next/static/media/797e433ab948586e.p.3f30ggp2vw8zj.woff2?dpl=dpl_3maTuwTUf7H96c1cGxtkw1mqXubY was preloaded using link preload but not used within a few seconds from the window's load event. Please make sure it has an appropriate `as` value and it is preloaded intentionally. @ https://vercel.com/mhingora90s-projects/golf-grove-dms/settings/environment-variables:0
[  124445ms] [WARNING] The resource https://vercel.com/_next/static/chunks/3fd49nnoyujvi.css?dpl=dpl_3maTuwTUf7H96c1cGxtkw1mqXubY was preloaded using link preload but not used within a few seconds from the window's load event. Please make sure it has an appropriate `as` value and it is preloaded intentionally. @ https://vercel.com/mhingora90s-projects/golf-grove-dms/settings/environment-variables:0
[  124445ms] [WARNING] The resource https://vercel.com/_next/static/chunks/08cd0i4vtwexf.css?dpl=dpl_3maTuwTUf7H96c1cGxtkw1mqXubY was preloaded using link preload but not used within a few seconds from the window's load event. Please make sure it has an appropriate `as` value and it is preloaded intentionally. @ https://vercel.com/mhingora90s-projects/golf-grove-dms/settings/environment-variables:0
[  127484ms] [WARNING] The resource https://vercel.com/_next/static/chunks/2czma7zk1bbb3.css?dpl=dpl_3maTuwTUf7H96c1cGxtkw1mqXubY was preloaded using link preload but not used within a few seconds from the window's load event. Please make sure it has an appropriate `as` value and it is preloaded intentionally. @ https://vercel.com/mhingora90s-projects/golf-grove-dms/settings/environment-variables:0
[  127485ms] [WARNING] The resource https://vercel.com/_next/static/media/caa3a2e1cccd8315.p.400zotvijr2rn.woff2?dpl=dpl_3maTuwTUf7H96c1cGxtkw1mqXubY was preloaded using link preload but not used within a few seconds from the window's load event. Please make sure it has an appropriate `as` value and it is preloaded intentionally. @ https://vercel.com/mhingora90s-projects/golf-grove-dms/settings/environment-variables:0
[  127485ms] [WARNING] The resource https://vercel.com/_next/static/chunks/0ld0e81xyg1qc.css?dpl=dpl_3maTuwTUf7H96c1cGxtkw1mqXubY was preloaded using link preload but not used within a few seconds from the window's load event. Please make sure it has an appropriate `as` value and it is preloaded intentionally. @ https://vercel.com/mhingora90s-projects/golf-grove-dms/settings/environment-variables:0
[  127485ms] [WARNING] The resource https://vercel.com/_next/static/chunks/13t1j7hlxsp-_.css?dpl=dpl_3maTuwTUf7H96c1cGxtkw1mqXubY was preloaded using link preload but not used within a few seconds from the window's load event. Please make sure it has an appropriate `as` value and it is preloaded intentionally. @ https://vercel.com/mhingora90s-projects/golf-grove-dms/settings/environment-variables:0
[  127486ms] [WARNING] The resource https://vercel.com/_next/static/chunks/0n39euk-zcvro.css?dpl=dpl_3maTuwTUf7H96c1cGxtkw1mqXubY was preloaded using link preload but not used within a few seconds from the window's load event. Please make sure it has an appropriate `as` value and it is preloaded intentionally. @ https://vercel.com/mhingora90s-projects/golf-grove-dms/settings/environment-variables:0
[  127486ms] [WARNING] The resource https://vercel.com/_next/static/chunks/0_paurlkdsb9n.css?dpl=dpl_3maTuwTUf7H96c1cGxtkw1mqXubY was preloaded using link preload but not used within a few seconds from the window's load event. Please make sure it has an appropriate `as` value and it is preloaded intentionally. @ https://vercel.com/mhingora90s-projects/golf-grove-dms/settings/environment-variables:0
[  127486ms] [WARNING] The resource https://vercel.com/_next/static/chunks/2mnl0qv1wk_rl.css?dpl=dpl_3maTuwTUf7H96c1cGxtkw1mqXubY was preloaded using link preload but not used within a few seconds from the window's load event. Please make sure it has an appropriate `as` value and it is preloaded intentionally. @ https://vercel.com/mhingora90s-projects/golf-grove-dms/settings/environment-variables:0
[  127486ms] [WARNING] The resource https://vercel.com/_next/static/chunks/3d792zqltro0t.css?dpl=dpl_3maTuwTUf7H96c1cGxtkw1mqXubY was preloaded using link preload but not used within a few seconds from the window's load event. Please make sure it has an appropriate `as` value and it is preloaded intentionally. @ https://vercel.com/mhingora90s-projects/golf-grove-dms/settings/environment-variables:0
[  127486ms] [WARNING] The resource https://vercel.com/_next/static/media/797e433ab948586e.p.3f30ggp2vw8zj.woff2?dpl=dpl_3maTuwTUf7H96c1cGxtkw1mqXubY was preloaded using link preload but not used within a few seconds from the window's load event. Please make sure it has an appropriate `as` value and it is preloaded intentionally. @ https://vercel.com/mhingora90s-projects/golf-grove-dms/settings/environment-variables:0
[  127486ms] [WARNING] The resource https://vercel.com/_next/static/chunks/3fd49nnoyujvi.css?dpl=dpl_3maTuwTUf7H96c1cGxtkw1mqXubY was preloaded using link preload but not used within a few seconds from the window's load event. Please make sure it has an appropriate `as` value and it is preloaded intentionally. @ https://vercel.com/mhingora90s-projects/golf-grove-dms/settings/environment-variables:0
[  127486ms] [WARNING] The resource https://vercel.com/_next/static/chunks/08cd0i4vtwexf.css?dpl=dpl_3maTuwTUf7H96c1cGxtkw1mqXubY was preloaded using link preload but not used within a few seconds from the window's load event. Please make sure it has an appropriate `as` value and it is preloaded intentionally. @ https://vercel.com/mhingora90s-projects/golf-grove-dms/settings/environment-variables:0
