[    2358ms] [LOG] 
%cStop! font-family:helvetica; font-size:20px; font-size:50px; font-weight:bold; color:red; -webkit-text-stroke:1px black; @ :0
[    2360ms] [LOG] 
%cThis is a browser feature intended for developers. If someone told you to copy-paste something here to enable a Facebook feature or "hack" someone's account, it's a scam and will give them access to your Facebook account. font-family:helvetica; font-size:20px;  @ :0
[    2360ms] [LOG] 
%cSee https://www.facebook.com/selfxss for more information. font-family:helvetica; font-size:20px;  @ :0
[    2360ms] [LOG] 
%c  @ :0
[   10014ms] [LOG] 
%cStop! font-family:helvetica; font-size:20px; font-size:50px; font-weight:bold; color:red; -webkit-text-stroke:1px black; @ :0
[   10015ms] [LOG] 
%cThis is a browser feature intended for developers. If someone told you to copy-paste something here to enable a Facebook feature or "hack" someone's account, it's a scam and will give them access to your Facebook account. font-family:helvetica; font-size:20px;  @ :0
[   10015ms] [LOG] 
%cSee https://www.facebook.com/selfxss for more information. font-family:helvetica; font-size:20px;  @ :0
[   10015ms] [LOG] 
%c  @ :0
[   14666ms] [LOG] 
%cStop! font-family:helvetica; font-size:20px; font-size:50px; font-weight:bold; color:red; -webkit-text-stroke:1px black; @ :0
[   14666ms] [LOG] 
%cThis is a browser feature intended for developers. If someone told you to copy-paste something here to enable a Facebook feature or "hack" someone's account, it's a scam and will give them access to your Facebook account. font-family:helvetica; font-size:20px;  @ :0
[   14667ms] [LOG] 
%cSee https://www.facebook.com/selfxss for more information. font-family:helvetica; font-size:20px;  @ :0
[   14668ms] [LOG] 
%c  @ :0
[   18838ms] [LOG] 
%cStop! font-family:helvetica; font-size:20px; font-size:50px; font-weight:bold; color:red; -webkit-text-stroke:1px black; @ :0
[   18838ms] [LOG] 
%cThis is a browser feature intended for developers. If someone told you to copy-paste something here to enable a Facebook feature or "hack" someone's account, it's a scam and will give them access to your Facebook account. font-family:helvetica; font-size:20px;  @ :0
[   18838ms] [LOG] 
%cSee https://www.facebook.com/selfxss for more information. font-family:helvetica; font-size:20px;  @ :0
[   18838ms] [LOG] 
%c  @ :0
[   47828ms] [LOG] 
%cStop! font-family:helvetica; font-size:20px; font-size:50px; font-weight:bold; color:red; -webkit-text-stroke:1px black; @ :0
[   47829ms] [LOG] 
%cThis is a browser feature intended for developers. If someone told you to copy-paste something here to enable a Facebook feature or "hack" someone's account, it's a scam and will give them access to your Facebook account. font-family:helvetica; font-size:20px;  @ :0
[   47829ms] [LOG] 
%cSee https://www.facebook.com/selfxss for more information. font-family:helvetica; font-size:20px;  @ :0
[   47829ms] [LOG] 
%c  @ :0
[   53909ms] [LOG] 
%cStop! font-family:helvetica; font-size:20px; font-size:50px; font-weight:bold; color:red; -webkit-text-stroke:1px black; @ :0
[   53909ms] [LOG] 
%cThis is a browser feature intended for developers. If someone told you to copy-paste something here to enable a Facebook feature or "hack" someone's account, it's a scam and will give them access to your Facebook account. font-family:helvetica; font-size:20px;  @ :0
[   53909ms] [LOG] 
%cSee https://www.facebook.com/selfxss for more information. font-family:helvetica; font-size:20px;  @ :0
[   53909ms] [LOG] 
%c  @ :0
[   81245ms] [WARNING] Failed to execute 'postMessage' on 'DOMWindow': The target origin provided ('https://www.youtube.com') does not match the recipient window's origin ('https://www.google.com'). @ https://www.youtube.com/s/player/2d01abf7/www-widgetapi.vflset/www-widgetapi.js:209
[   82674ms] [LOG] 
%cStop! font-family:helvetica; font-size:20px; font-size:50px; font-weight:bold; color:red; -webkit-text-stroke:1px black; @ :0
[   82675ms] [LOG] 
%cThis is a browser feature intended for developers. If someone told you to copy-paste something here to enable a Facebook feature or "hack" someone's account, it's a scam and will give them access to your Facebook account. font-family:helvetica; font-size:20px;  @ :0
[   82675ms] [LOG] 
%cSee https://www.facebook.com/selfxss for more information. font-family:helvetica; font-size:20px;  @ :0
[   82675ms] [LOG] 
%c  @ :0
[   98540ms] [LOG] 
%cStop! font-family:helvetica; font-size:20px; font-size:50px; font-weight:bold; color:red; -webkit-text-stroke:1px black; @ https://static.xx.fbcdn.net/rsrc.php/v4izzy4/yd/l/en_US-j/lJPRE2M5Tbz3Q_b25MFwtCtWDtAvRHF-xofYsOtDZ0pGfRmVI_zfSLxJu_ChIpksWtsKeqRbH0TqOnn4c2ciiejvhQsDanR_uEMkfDSokPLhpFIaXQ3ot6jQPvbF2iS_uuEdQGj4mA1B5LS15zo9NGAXuNnn_E6w_Y60zdQJQB11c9qbHVfQrgplHgTfKtTnWC4DYlIX-LDeqDXMGMDn0VCDg4HDiaKKHxEKz9vzmEvlq9hjXhIBFOwarnLoTy7ULuYEtMpOGz9wB5R_lrpAEWb1NAM1uuPtQWH-XL0vbbaeMKIgeb-23FKxa9uyYt_Z_Y8ynDMO0H.js:857
[   98540ms] [LOG] 
%cThis is a browser feature intended for developers. If someone told you to copy-paste something here to enable a Facebook feature or "hack" someone's account, it's a scam and will give them access to your Facebook account. font-family:helvetica; font-size:20px;  @ https://static.xx.fbcdn.net/rsrc.php/v4izzy4/yd/l/en_US-j/lJPRE2M5Tbz3Q_b25MFwtCtWDtAvRHF-xofYsOtDZ0pGfRmVI_zfSLxJu_ChIpksWtsKeqRbH0TqOnn4c2ciiejvhQsDanR_uEMkfDSokPLhpFIaXQ3ot6jQPvbF2iS_uuEdQGj4mA1B5LS15zo9NGAXuNnn_E6w_Y60zdQJQB11c9qbHVfQrgplHgTfKtTnWC4DYlIX-LDeqDXMGMDn0VCDg4HDiaKKHxEKz9vzmEvlq9hjXhIBFOwarnLoTy7ULuYEtMpOGz9wB5R_lrpAEWb1NAM1uuPtQWH-XL0vbbaeMKIgeb-23FKxa9uyYt_Z_Y8ynDMO0H.js:857
[   98540ms] [LOG] 
%cSee https://www.facebook.com/selfxss for more information. font-family:helvetica; font-size:20px;  @ https://static.xx.fbcdn.net/rsrc.php/v4izzy4/yd/l/en_US-j/lJPRE2M5Tbz3Q_b25MFwtCtWDtAvRHF-xofYsOtDZ0pGfRmVI_zfSLxJu_ChIpksWtsKeqRbH0TqOnn4c2ciiejvhQsDanR_uEMkfDSokPLhpFIaXQ3ot6jQPvbF2iS_uuEdQGj4mA1B5LS15zo9NGAXuNnn_E6w_Y60zdQJQB11c9qbHVfQrgplHgTfKtTnWC4DYlIX-LDeqDXMGMDn0VCDg4HDiaKKHxEKz9vzmEvlq9hjXhIBFOwarnLoTy7ULuYEtMpOGz9wB5R_lrpAEWb1NAM1uuPtQWH-XL0vbbaeMKIgeb-23FKxa9uyYt_Z_Y8ynDMO0H.js:857
[   98541ms] [LOG] 
%c  @ https://static.xx.fbcdn.net/rsrc.php/v4izzy4/yd/l/en_US-j/lJPRE2M5Tbz3Q_b25MFwtCtWDtAvRHF-xofYsOtDZ0pGfRmVI_zfSLxJu_ChIpksWtsKeqRbH0TqOnn4c2ciiejvhQsDanR_uEMkfDSokPLhpFIaXQ3ot6jQPvbF2iS_uuEdQGj4mA1B5LS15zo9NGAXuNnn_E6w_Y60zdQJQB11c9qbHVfQrgplHgTfKtTnWC4DYlIX-LDeqDXMGMDn0VCDg4HDiaKKHxEKz9vzmEvlq9hjXhIBFOwarnLoTy7ULuYEtMpOGz9wB5R_lrpAEWb1NAM1uuPtQWH-XL0vbbaeMKIgeb-23FKxa9uyYt_Z_Y8ynDMO0H.js:857
[  100012ms] [ERROR] Permissions policy violation: unload is not allowed in this document. @ https://static.xx.fbcdn.net/rsrc.php/v4/ym/r/70te84aXBvU.js:319
[  105009ms] [LOG] 
%cStop! font-family:helvetica; font-size:20px; font-size:50px; font-weight:bold; color:red; -webkit-text-stroke:1px black; @ https://static.xx.fbcdn.net/rsrc.php/v4/yI/r/A3PSxQB1RSd.js:243
[  105009ms] [LOG] 
%cThis is a browser feature intended for developers. If someone told you to copy-paste something here to enable a Facebook feature or "hack" someone's account, it's a scam and will give them access to your Facebook account. font-family:helvetica; font-size:20px;  @ https://static.xx.fbcdn.net/rsrc.php/v4/yI/r/A3PSxQB1RSd.js:243
[  105009ms] [LOG] 
%cSee https://www.facebook.com/selfxss for more information. font-family:helvetica; font-size:20px;  @ https://static.xx.fbcdn.net/rsrc.php/v4/yI/r/A3PSxQB1RSd.js:243
[  105009ms] [LOG] 
%c  @ https://static.xx.fbcdn.net/rsrc.php/v4/yI/r/A3PSxQB1RSd.js:243
[  106829ms] [VERBOSE] [DOM] Input elements should have autocomplete attributes (suggested: "current-password"): (More info: https://goo.gl/9p2vKq) %o @ https://www.facebook.com/:0
[  129502ms] [LOG] 
%cStop! font-family:helvetica; font-size:20px; font-size:50px; font-weight:bold; color:red; -webkit-text-stroke:1px black; @ https://static.xx.fbcdn.net/rsrc.php/v4izzy4/yd/l/en_US-j/lJPRE2M5Tbz3Q_b25MFwtCtWDtAvRHF-xofYsOtDZ0pGfRmVI_zfSLxJu_ChIpksWtsKeqRbH0TqOnn4c2ciiejvhQsDanR_uEMkfDSokPLhpFIaXQ3ot6jQPvbF2iS_uuEdQGj4mA1B5LS15zo9NGAXuNnn_E6w_Y60zdQJQB11c9qbHVfQrgplHgTfKtTnWC4DYlIX-LDeqDXMGMDn0VCDg4HDiaKKHxEKz9vzmEvlq9hjXhIBFOwarnLoTy7ULuYEtMpOGz9wB5R_lrpAEWb1NAM1uuPtQWH-XL0vbbaeMKIgeb-23FKxa9uyYt_Z_Y8ynDMO0H.js:857
[  129502ms] [LOG] 
%cThis is a browser feature intended for developers. If someone told you to copy-paste something here to enable a Facebook feature or "hack" someone's account, it's a scam and will give them access to your Facebook account. font-family:helvetica; font-size:20px;  @ https://static.xx.fbcdn.net/rsrc.php/v4izzy4/yd/l/en_US-j/lJPRE2M5Tbz3Q_b25MFwtCtWDtAvRHF-xofYsOtDZ0pGfRmVI_zfSLxJu_ChIpksWtsKeqRbH0TqOnn4c2ciiejvhQsDanR_uEMkfDSokPLhpFIaXQ3ot6jQPvbF2iS_uuEdQGj4mA1B5LS15zo9NGAXuNnn_E6w_Y60zdQJQB11c9qbHVfQrgplHgTfKtTnWC4DYlIX-LDeqDXMGMDn0VCDg4HDiaKKHxEKz9vzmEvlq9hjXhIBFOwarnLoTy7ULuYEtMpOGz9wB5R_lrpAEWb1NAM1uuPtQWH-XL0vbbaeMKIgeb-23FKxa9uyYt_Z_Y8ynDMO0H.js:857
[  129502ms] [LOG] 
%cSee https://www.facebook.com/selfxss for more information. font-family:helvetica; font-size:20px;  @ https://static.xx.fbcdn.net/rsrc.php/v4izzy4/yd/l/en_US-j/lJPRE2M5Tbz3Q_b25MFwtCtWDtAvRHF-xofYsOtDZ0pGfRmVI_zfSLxJu_ChIpksWtsKeqRbH0TqOnn4c2ciiejvhQsDanR_uEMkfDSokPLhpFIaXQ3ot6jQPvbF2iS_uuEdQGj4mA1B5LS15zo9NGAXuNnn_E6w_Y60zdQJQB11c9qbHVfQrgplHgTfKtTnWC4DYlIX-LDeqDXMGMDn0VCDg4HDiaKKHxEKz9vzmEvlq9hjXhIBFOwarnLoTy7ULuYEtMpOGz9wB5R_lrpAEWb1NAM1uuPtQWH-XL0vbbaeMKIgeb-23FKxa9uyYt_Z_Y8ynDMO0H.js:857
[  129502ms] [LOG] 
%c  @ https://static.xx.fbcdn.net/rsrc.php/v4izzy4/yd/l/en_US-j/lJPRE2M5Tbz3Q_b25MFwtCtWDtAvRHF-xofYsOtDZ0pGfRmVI_zfSLxJu_ChIpksWtsKeqRbH0TqOnn4c2ciiejvhQsDanR_uEMkfDSokPLhpFIaXQ3ot6jQPvbF2iS_uuEdQGj4mA1B5LS15zo9NGAXuNnn_E6w_Y60zdQJQB11c9qbHVfQrgplHgTfKtTnWC4DYlIX-LDeqDXMGMDn0VCDg4HDiaKKHxEKz9vzmEvlq9hjXhIBFOwarnLoTy7ULuYEtMpOGz9wB5R_lrpAEWb1NAM1uuPtQWH-XL0vbbaeMKIgeb-23FKxa9uyYt_Z_Y8ynDMO0H.js:857
[  130061ms] [ERROR] Permissions policy violation: unload is not allowed in this document. @ https://static.xx.fbcdn.net/rsrc.php/v4/ym/r/70te84aXBvU.js:319
[  144711ms] [LOG] 
%cStop! font-family:helvetica; font-size:20px; font-size:50px; font-weight:bold; color:red; -webkit-text-stroke:1px black; @ https://static.xx.fbcdn.net/rsrc.php/v4/yI/r/A3PSxQB1RSd.js:243
[  144711ms] [LOG] 
%cThis is a browser feature intended for developers. If someone told you to copy-paste something here to enable a Facebook feature or "hack" someone's account, it's a scam and will give them access to your Facebook account. font-family:helvetica; font-size:20px;  @ https://static.xx.fbcdn.net/rsrc.php/v4/yI/r/A3PSxQB1RSd.js:243
[  144711ms] [LOG] 
%cSee https://www.facebook.com/selfxss for more information. font-family:helvetica; font-size:20px;  @ https://static.xx.fbcdn.net/rsrc.php/v4/yI/r/A3PSxQB1RSd.js:243
[  144711ms] [LOG] 
%c  @ https://static.xx.fbcdn.net/rsrc.php/v4/yI/r/A3PSxQB1RSd.js:243
[  146333ms] [VERBOSE] [DOM] Input elements should have autocomplete attributes (suggested: "current-password"): (More info: https://goo.gl/9p2vKq) %o @ https://www.facebook.com/?stype=lo&flo=1&deoia=1&jlou=AfjB9t57rCHZuYUxKd0X6q968X_Xq7LD16IZoDKrcy6FAVtyJWAkGqxwehLv3gdIzsvcB77DVf3qWoUsB1l8KqeI8yyzOUjK00Y93DXGp67OZg&smuh=19595&lh=AdBA9Gc3W-lBSUV0Omw:0
[  178607ms] [ERROR] Permissions policy violation: unload is not allowed in this document. @ https://static.xx.fbcdn.net/rsrc.php/v4/ym/r/70te84aXBvU.js:319
[  179715ms] [LOG] 
%cStop! font-family:helvetica; font-size:20px; font-size:50px; font-weight:bold; color:red; -webkit-text-stroke:1px black; @ https://static.xx.fbcdn.net/rsrc.php/v4izzy4/yd/l/en_US-j/lJPRE2M5Tbz3Q_b25MFwtCtWDtAvRHF-xofYsOtDZ0pGfRmVI_zfSLxJu_ChIpksWtsKeqRbH0TqOnn4c2ciiejvhQsDanR_uEMkfDSokPLhpFIaXQ3ot6jQPvbF2iS_uuEdQGj4mA1B5LS15zo9NGAXuNnn_E6w_Y60zdQJQB11c9qbHVfQrgplHgTfKtTnWC4DYlIX-LDeqDXMGMDn0VCDg4HDiaKKHxEKz9vzmEvlq9hjXhIBFOwarnLoTy7ULuYEtMpOGz9wB5R_lrpAEWb1NAM1uuPtQWH-XL0vbbaeMKIgeb-23FKxa9uyYt_Z_Y8ynDMO0H.js:857
[  179715ms] [LOG] 
%cThis is a browser feature intended for developers. If someone told you to copy-paste something here to enable a Facebook feature or "hack" someone's account, it's a scam and will give them access to your Facebook account. font-family:helvetica; font-size:20px;  @ https://static.xx.fbcdn.net/rsrc.php/v4izzy4/yd/l/en_US-j/lJPRE2M5Tbz3Q_b25MFwtCtWDtAvRHF-xofYsOtDZ0pGfRmVI_zfSLxJu_ChIpksWtsKeqRbH0TqOnn4c2ciiejvhQsDanR_uEMkfDSokPLhpFIaXQ3ot6jQPvbF2iS_uuEdQGj4mA1B5LS15zo9NGAXuNnn_E6w_Y60zdQJQB11c9qbHVfQrgplHgTfKtTnWC4DYlIX-LDeqDXMGMDn0VCDg4HDiaKKHxEKz9vzmEvlq9hjXhIBFOwarnLoTy7ULuYEtMpOGz9wB5R_lrpAEWb1NAM1uuPtQWH-XL0vbbaeMKIgeb-23FKxa9uyYt_Z_Y8ynDMO0H.js:857
[  179723ms] [LOG] 
%cSee https://www.facebook.com/selfxss for more information. font-family:helvetica; font-size:20px;  @ https://static.xx.fbcdn.net/rsrc.php/v4izzy4/yd/l/en_US-j/lJPRE2M5Tbz3Q_b25MFwtCtWDtAvRHF-xofYsOtDZ0pGfRmVI_zfSLxJu_ChIpksWtsKeqRbH0TqOnn4c2ciiejvhQsDanR_uEMkfDSokPLhpFIaXQ3ot6jQPvbF2iS_uuEdQGj4mA1B5LS15zo9NGAXuNnn_E6w_Y60zdQJQB11c9qbHVfQrgplHgTfKtTnWC4DYlIX-LDeqDXMGMDn0VCDg4HDiaKKHxEKz9vzmEvlq9hjXhIBFOwarnLoTy7ULuYEtMpOGz9wB5R_lrpAEWb1NAM1uuPtQWH-XL0vbbaeMKIgeb-23FKxa9uyYt_Z_Y8ynDMO0H.js:857
[  179724ms] [LOG] 
%c  @ https://static.xx.fbcdn.net/rsrc.php/v4izzy4/yd/l/en_US-j/lJPRE2M5Tbz3Q_b25MFwtCtWDtAvRHF-xofYsOtDZ0pGfRmVI_zfSLxJu_ChIpksWtsKeqRbH0TqOnn4c2ciiejvhQsDanR_uEMkfDSokPLhpFIaXQ3ot6jQPvbF2iS_uuEdQGj4mA1B5LS15zo9NGAXuNnn_E6w_Y60zdQJQB11c9qbHVfQrgplHgTfKtTnWC4DYlIX-LDeqDXMGMDn0VCDg4HDiaKKHxEKz9vzmEvlq9hjXhIBFOwarnLoTy7ULuYEtMpOGz9wB5R_lrpAEWb1NAM1uuPtQWH-XL0vbbaeMKIgeb-23FKxa9uyYt_Z_Y8ynDMO0H.js:857
[  188957ms] [LOG] 
%cStop! font-family:helvetica; font-size:20px; font-size:50px; font-weight:bold; color:red; -webkit-text-stroke:1px black; @ https://static.xx.fbcdn.net/rsrc.php/v4/yI/r/A3PSxQB1RSd.js:243
[  188957ms] [LOG] 
%cThis is a browser feature intended for developers. If someone told you to copy-paste something here to enable a Facebook feature or "hack" someone's account, it's a scam and will give them access to your Facebook account. font-family:helvetica; font-size:20px;  @ https://static.xx.fbcdn.net/rsrc.php/v4/yI/r/A3PSxQB1RSd.js:243
[  188958ms] [LOG] 
%cSee https://www.facebook.com/selfxss for more information. font-family:helvetica; font-size:20px;  @ https://static.xx.fbcdn.net/rsrc.php/v4/yI/r/A3PSxQB1RSd.js:243
[  188959ms] [LOG] 
%c  @ https://static.xx.fbcdn.net/rsrc.php/v4/yI/r/A3PSxQB1RSd.js:243
[  190711ms] [VERBOSE] [DOM] Input elements should have autocomplete attributes (suggested: "current-password"): (More info: https://goo.gl/9p2vKq) %o @ https://www.facebook.com/:0
[  194000ms] [ERROR] ErrorUtils caught an error:

signal is aborted without reason [Caught in: Passkey authentication failed]

Subsequent non-fatal errors won't be logged; see https://fburl.com/debugjs. {column: 2973, clientTime: 1778784713, extra: Object, guardList: Array(0), hash: 2efwjn} @ https://static.xx.fbcdn.net/rsrc.php/v4/yI/r/A3PSxQB1RSd.js:78
[  210408ms] [LOG] 
%cStop! font-family:helvetica; font-size:20px; font-size:50px; font-weight:bold; color:red; -webkit-text-stroke:1px black; @ https://static.xx.fbcdn.net/rsrc.php/v4/yI/r/A3PSxQB1RSd.js:243
[  210408ms] [LOG] 
%cThis is a browser feature intended for developers. If someone told you to copy-paste something here to enable a Facebook feature or "hack" someone's account, it's a scam and will give them access to your Facebook account. font-family:helvetica; font-size:20px;  @ https://static.xx.fbcdn.net/rsrc.php/v4/yI/r/A3PSxQB1RSd.js:243
[  210408ms] [LOG] 
%cSee https://www.facebook.com/selfxss for more information. font-family:helvetica; font-size:20px;  @ https://static.xx.fbcdn.net/rsrc.php/v4/yI/r/A3PSxQB1RSd.js:243
[  210409ms] [LOG] 
%c  @ https://static.xx.fbcdn.net/rsrc.php/v4/yI/r/A3PSxQB1RSd.js:243
[  216989ms] [VERBOSE] [DOM] Input elements should have autocomplete attributes (suggested: "current-password"): (More info: https://goo.gl/9p2vKq) %o @ https://www.facebook.com/login/:0
[  259152ms] [ERROR] Permissions policy violation: unload is not allowed in this document. @ https://static.xx.fbcdn.net/rsrc.php/v4/ym/r/70te84aXBvU.js:319
[  260062ms] [LOG] 
%cStop! font-family:helvetica; font-size:20px; font-size:50px; font-weight:bold; color:red; -webkit-text-stroke:1px black; @ https://static.xx.fbcdn.net/rsrc.php/v4izzy4/yd/l/en_US-j/lJPRE2M5Tbz3Q_b25MFwtCtWDtAvRHF-xofYsOtDZ0pGfRmVI_zfSLxJu_ChIpksWtsKeqRbH0TqOnn4c2ciiejvhQsDanR_uEMkfDSokPLhpFIaXQ3ot6jQPvbF2iS_uuEdQGj4mA1B5LS15zo9NGAXuNnn_E6w_Y60zdQJQB11c9qbHVfQrgplHgTfKtTnWC4DYlIX-LDeqDXMGMDn0VCDg4HDiaKKHxEKz9vzmEvlq9hjXhIBFOwarnLoTy7ULuYEtMpOGz9wB5R_lrpAEWb1NAM1uuPtQWH-XL0vbbaeMKIgeb-23FKxa9uyYt_Z_Y8ynDMO0H.js:857
[  260062ms] [LOG] 
%cThis is a browser feature intended for developers. If someone told you to copy-paste something here to enable a Facebook feature or "hack" someone's account, it's a scam and will give them access to your Facebook account. font-family:helvetica; font-size:20px;  @ https://static.xx.fbcdn.net/rsrc.php/v4izzy4/yd/l/en_US-j/lJPRE2M5Tbz3Q_b25MFwtCtWDtAvRHF-xofYsOtDZ0pGfRmVI_zfSLxJu_ChIpksWtsKeqRbH0TqOnn4c2ciiejvhQsDanR_uEMkfDSokPLhpFIaXQ3ot6jQPvbF2iS_uuEdQGj4mA1B5LS15zo9NGAXuNnn_E6w_Y60zdQJQB11c9qbHVfQrgplHgTfKtTnWC4DYlIX-LDeqDXMGMDn0VCDg4HDiaKKHxEKz9vzmEvlq9hjXhIBFOwarnLoTy7ULuYEtMpOGz9wB5R_lrpAEWb1NAM1uuPtQWH-XL0vbbaeMKIgeb-23FKxa9uyYt_Z_Y8ynDMO0H.js:857
[  260062ms] [LOG] 
%cSee https://www.facebook.com/selfxss for more information. font-family:helvetica; font-size:20px;  @ https://static.xx.fbcdn.net/rsrc.php/v4izzy4/yd/l/en_US-j/lJPRE2M5Tbz3Q_b25MFwtCtWDtAvRHF-xofYsOtDZ0pGfRmVI_zfSLxJu_ChIpksWtsKeqRbH0TqOnn4c2ciiejvhQsDanR_uEMkfDSokPLhpFIaXQ3ot6jQPvbF2iS_uuEdQGj4mA1B5LS15zo9NGAXuNnn_E6w_Y60zdQJQB11c9qbHVfQrgplHgTfKtTnWC4DYlIX-LDeqDXMGMDn0VCDg4HDiaKKHxEKz9vzmEvlq9hjXhIBFOwarnLoTy7ULuYEtMpOGz9wB5R_lrpAEWb1NAM1uuPtQWH-XL0vbbaeMKIgeb-23FKxa9uyYt_Z_Y8ynDMO0H.js:857
[  260063ms] [LOG] 
%c  @ https://static.xx.fbcdn.net/rsrc.php/v4izzy4/yd/l/en_US-j/lJPRE2M5Tbz3Q_b25MFwtCtWDtAvRHF-xofYsOtDZ0pGfRmVI_zfSLxJu_ChIpksWtsKeqRbH0TqOnn4c2ciiejvhQsDanR_uEMkfDSokPLhpFIaXQ3ot6jQPvbF2iS_uuEdQGj4mA1B5LS15zo9NGAXuNnn_E6w_Y60zdQJQB11c9qbHVfQrgplHgTfKtTnWC4DYlIX-LDeqDXMGMDn0VCDg4HDiaKKHxEKz9vzmEvlq9hjXhIBFOwarnLoTy7ULuYEtMpOGz9wB5R_lrpAEWb1NAM1uuPtQWH-XL0vbbaeMKIgeb-23FKxa9uyYt_Z_Y8ynDMO0H.js:857
[  260163ms] Object
[  266867ms] [LOG] 
%cStop! font-family:helvetica; font-size:20px; font-size:50px; font-weight:bold; color:red; -webkit-text-stroke:1px black; @ https://static.xx.fbcdn.net/rsrc.php/v4/yI/r/A3PSxQB1RSd.js:243
[  266867ms] [LOG] 
%cThis is a browser feature intended for developers. If someone told you to copy-paste something here to enable a Facebook feature or "hack" someone's account, it's a scam and will give them access to your Facebook account. font-family:helvetica; font-size:20px;  @ https://static.xx.fbcdn.net/rsrc.php/v4/yI/r/A3PSxQB1RSd.js:243
[  266867ms] [LOG] 
%cSee https://www.facebook.com/selfxss for more information. font-family:helvetica; font-size:20px;  @ https://static.xx.fbcdn.net/rsrc.php/v4/yI/r/A3PSxQB1RSd.js:243
[  266867ms] [LOG] 
%c  @ https://static.xx.fbcdn.net/rsrc.php/v4/yI/r/A3PSxQB1RSd.js:243
[  281210ms] [WARNING] Failed to execute 'postMessage' on 'DOMWindow': The target origin provided ('https://www.youtube.com') does not match the recipient window's origin ('https://www.google.com'). @ https://www.youtube.com/s/player/2d01abf7/www-widgetapi.vflset/www-widgetapi.js:209
[  302315ms] [ERROR] Loading the image 'https://connect.facebook.net//log/error?p=pixel&sl=1&v=2.9.319&e=Fail%20to%20read%20from%20cookie%3A%20&ue=0&rs=stable&rqm=FGET' violates the following Content Security Policy directive: "img-src 'self' data: blob: https://*.business.meta.com *.facebook.com *.fbcdn.net static.xx.fbcdn.net *.fbsbx.com". The action has been blocked. @ https://business.meta.com/:0
[  302315ms] [ERROR] Loading the image 'https://connect.facebook.net//log/error?p=pixel&sl=1&v=2.9.319&e=Fail%20to%20read%20from%20cookie%3A%20&ue=0&rs=stable&rqm=FGET' violates the following Content Security Policy directive: "img-src 'self' data: blob: https://*.business.meta.com *.facebook.com *.fbcdn.net static.xx.fbcdn.net *.fbsbx.com". The action has been blocked. @ https://business.meta.com/:0
[  302316ms] [ERROR] Loading the image 'https://connect.facebook.net//log/error?p=pixel&sl=1&v=2.9.319&e=Fail%20to%20read%20from%20cookie%3A%20&ue=0&rs=stable&rqm=FGET' violates the following Content Security Policy directive: "img-src 'self' data: blob: https://*.business.meta.com *.facebook.com *.fbcdn.net static.xx.fbcdn.net *.fbsbx.com". The action has been blocked. @ https://business.meta.com/:0
[  302316ms] [ERROR] Loading the image 'https://connect.facebook.net//log/error?p=pixel&sl=1&v=2.9.319&e=Fail%20to%20read%20from%20cookie%3A%20&ue=0&rs=stable&rqm=FGET' violates the following Content Security Policy directive: "img-src 'self' data: blob: https://*.business.meta.com *.facebook.com *.fbcdn.net static.xx.fbcdn.net *.fbsbx.com". The action has been blocked. @ https://business.meta.com/:0
[  302316ms] [ERROR] Loading the image 'https://connect.facebook.net//log/error?p=pixel&sl=1&v=2.9.319&e=Fail%20to%20read%20from%20cookie%3A%20&ue=0&rs=stable&rqm=FGET' violates the following Content Security Policy directive: "img-src 'self' data: blob: https://*.business.meta.com *.facebook.com *.fbcdn.net static.xx.fbcdn.net *.fbsbx.com". The action has been blocked. @ https://business.meta.com/:0
[  302317ms] [ERROR] Loading the image 'https://connect.facebook.net//log/error?p=pixel&sl=1&v=2.9.319&e=Fail%20to%20read%20from%20cookie%3A%20&ue=0&rs=stable&rqm=FGET' violates the following Content Security Policy directive: "img-src 'self' data: blob: https://*.business.meta.com *.facebook.com *.fbcdn.net static.xx.fbcdn.net *.fbsbx.com". The action has been blocked. @ https://business.meta.com/:0
[  302317ms] [ERROR] Loading the image 'https://connect.facebook.net//log/error?p=pixel&sl=1&v=2.9.319&e=Fail%20to%20read%20from%20cookie%3A%20&ue=0&rs=stable&rqm=FGET' violates the following Content Security Policy directive: "img-src 'self' data: blob: https://*.business.meta.com *.facebook.com *.fbcdn.net static.xx.fbcdn.net *.fbsbx.com". The action has been blocked. @ https://business.meta.com/:0
[  302317ms] [ERROR] Loading the image 'https://connect.facebook.net//log/error?p=pixel&sl=1&v=2.9.319&e=Fail%20to%20read%20from%20cookie%3A%20&ue=0&rs=stable&rqm=FGET' violates the following Content Security Policy directive: "img-src 'self' data: blob: https://*.business.meta.com *.facebook.com *.fbcdn.net static.xx.fbcdn.net *.fbsbx.com". The action has been blocked. @ https://business.meta.com/:0
[  302317ms] [ERROR] Loading the image 'https://connect.facebook.net//log/error?p=pixel&sl=1&v=2.9.319&e=Fail%20to%20write%20cookie%3A%20&ue=0&rs=stable&rqm=FGET' violates the following Content Security Policy directive: "img-src 'self' data: blob: https://*.business.meta.com *.facebook.com *.fbcdn.net static.xx.fbcdn.net *.fbsbx.com". The action has been blocked. @ https://business.meta.com/:0
[  302318ms] [ERROR] Loading the image 'https://connect.facebook.net//log/error?p=pixel&sl=1&v=2.9.319&e=Fail%20to%20read%20from%20cookie%3A%20&ue=0&rs=stable&rqm=FGET' violates the following Content Security Policy directive: "img-src 'self' data: blob: https://*.business.meta.com *.facebook.com *.fbcdn.net static.xx.fbcdn.net *.fbsbx.com". The action has been blocked. @ https://business.meta.com/:0
[  302318ms] [ERROR] Loading the image 'https://connect.facebook.net//log/error?p=pixel&sl=1&v=2.9.319&e=Fail%20to%20read%20from%20cookie%3A%20&ue=0&rs=stable&rqm=FGET' violates the following Content Security Policy directive: "img-src 'self' data: blob: https://*.business.meta.com *.facebook.com *.fbcdn.net static.xx.fbcdn.net *.fbsbx.com". The action has been blocked. @ https://business.meta.com/:0
[  302319ms] [ERROR] Loading the image 'https://connect.facebook.net//log/error?p=pixel&sl=1&v=2.9.319&e=Fail%20to%20read%20from%20cookie%3A%20&ue=0&rs=stable&rqm=FGET' violates the following Content Security Policy directive: "img-src 'self' data: blob: https://*.business.meta.com *.facebook.com *.fbcdn.net static.xx.fbcdn.net *.fbsbx.com". The action has been blocked. @ https://business.meta.com/:0
[  302319ms] [ERROR] Loading the image 'https://connect.facebook.net//log/error?p=pixel&sl=1&v=2.9.319&e=Fail%20to%20read%20from%20cookie%3A%20&ue=0&rs=stable&rqm=FGET' violates the following Content Security Policy directive: "img-src 'self' data: blob: https://*.business.meta.com *.facebook.com *.fbcdn.net static.xx.fbcdn.net *.fbsbx.com". The action has been blocked. @ https://business.meta.com/:0
[  302319ms] [ERROR] Loading the image 'https://connect.facebook.net//log/error?p=pixel&sl=1&v=2.9.319&e=Fail%20to%20write%20cookie%3A%20&ue=0&rs=stable&rqm=FGET' violates the following Content Security Policy directive: "img-src 'self' data: blob: https://*.business.meta.com *.facebook.com *.fbcdn.net static.xx.fbcdn.net *.fbsbx.com". The action has been blocked. @ https://business.meta.com/:0
[  302320ms] [ERROR] Loading the image 'https://connect.facebook.net//log/error?p=pixel&sl=1&v=2.9.319&e=Fail%20to%20read%20from%20cookie%3A%20&ue=0&rs=stable&rqm=FGET' violates the following Content Security Policy directive: "img-src 'self' data: blob: https://*.business.meta.com *.facebook.com *.fbcdn.net static.xx.fbcdn.net *.fbsbx.com". The action has been blocked. @ https://business.meta.com/:0
[  302320ms] [ERROR] Loading the image 'https://connect.facebook.net//log/error?p=pixel&sl=1&v=2.9.319&e=Fail%20to%20read%20from%20cookie%3A%20&ue=0&rs=stable&rqm=FGET' violates the following Content Security Policy directive: "img-src 'self' data: blob: https://*.business.meta.com *.facebook.com *.fbcdn.net static.xx.fbcdn.net *.fbsbx.com". The action has been blocked. @ https://business.meta.com/:0
[  302320ms] [ERROR] Loading the image 'https://connect.facebook.net//log/error?p=pixel&sl=1&v=2.9.319&e=Fail%20to%20read%20from%20cookie%3A%20&ue=0&rs=stable&rqm=FGET' violates the following Content Security Policy directive: "img-src 'self' data: blob: https://*.business.meta.com *.facebook.com *.fbcdn.net static.xx.fbcdn.net *.fbsbx.com". The action has been blocked. @ https://business.meta.com/:0
[  302320ms] [ERROR] Loading the image 'https://connect.facebook.net//log/error?p=pixel&sl=1&v=2.9.319&e=Fail%20to%20read%20from%20cookie%3A%20&ue=0&rs=stable&rqm=FGET' violates the following Content Security Policy directive: "img-src 'self' data: blob: https://*.business.meta.com *.facebook.com *.fbcdn.net static.xx.fbcdn.net *.fbsbx.com". The action has been blocked. @ https://business.meta.com/:0
[  302321ms] [ERROR] Loading the image 'https://connect.facebook.net//log/error?p=pixel&sl=1&v=2.9.319&e=Fail%20to%20write%20cookie%3A%20&ue=0&rs=stable&rqm=FGET' violates the following Content Security Policy directive: "img-src 'self' data: blob: https://*.business.meta.com *.facebook.com *.fbcdn.net static.xx.fbcdn.net *.fbsbx.com". The action has been blocked. @ https://business.meta.com/:0
[  302321ms] [ERROR] Loading the image 'https://connect.facebook.net//log/error?p=pixel&sl=1&v=2.9.319&e=Fail%20to%20read%20from%20cookie%3A%20&ue=0&rs=stable&rqm=FGET' violates the following Content Security Policy directive: "img-src 'self' data: blob: https://*.business.meta.com *.facebook.com *.fbcdn.net static.xx.fbcdn.net *.fbsbx.com". The action has been blocked. @ https://business.meta.com/:0
[  302321ms] [ERROR] Loading the image 'https://connect.facebook.net//log/error?p=pixel&sl=1&v=2.9.319&e=Fail%20to%20read%20from%20cookie%3A%20&ue=0&rs=stable&rqm=FGET' violates the following Content Security Policy directive: "img-src 'self' data: blob: https://*.business.meta.com *.facebook.com *.fbcdn.net static.xx.fbcdn.net *.fbsbx.com". The action has been blocked. @ https://business.meta.com/:0
[  302322ms] [ERROR] Loading the image 'https://connect.facebook.net//log/error?p=pixel&sl=1&v=2.9.319&e=Fail%20to%20read%20from%20cookie%3A%20&ue=0&rs=stable&rqm=FGET' violates the following Content Security Policy directive: "img-src 'self' data: blob: https://*.business.meta.com *.facebook.com *.fbcdn.net static.xx.fbcdn.net *.fbsbx.com". The action has been blocked. @ https://business.meta.com/:0
[  302322ms] [ERROR] Loading the image 'https://connect.facebook.net//log/error?p=pixel&sl=1&v=2.9.319&e=Fail%20to%20read%20from%20cookie%3A%20&ue=0&rs=stable&rqm=FGET' violates the following Content Security Policy directive: "img-src 'self' data: blob: https://*.business.meta.com *.facebook.com *.fbcdn.net static.xx.fbcdn.net *.fbsbx.com". The action has been blocked. @ https://business.meta.com/:0
[  302323ms] [ERROR] Loading the image 'https://connect.facebook.net//log/error?p=pixel&sl=1&v=2.9.319&e=Fail%20to%20read%20from%20cookie%3A%20&ue=0&rs=stable&rqm=FGET' violates the following Content Security Policy directive: "img-src 'self' data: blob: https://*.business.meta.com *.facebook.com *.fbcdn.net static.xx.fbcdn.net *.fbsbx.com". The action has been blocked. @ https://business.meta.com/:0
[  302323ms] [ERROR] Loading the image 'https://connect.facebook.net//log/error?p=pixel&sl=1&v=2.9.319&e=Fail%20to%20read%20from%20cookie%3A%20&ue=0&rs=stable&rqm=FGET' violates the following Content Security Policy directive: "img-src 'self' data: blob: https://*.business.meta.com *.facebook.com *.fbcdn.net static.xx.fbcdn.net *.fbsbx.com". The action has been blocked. @ https://business.meta.com/:0
[  302324ms] [ERROR] Loading the image 'https://connect.facebook.net//log/error?p=automatic_parameters&pn=product_url_presend_but_no_content_id_sizing&sl=2&v=2.9.319&e=total&ue=0&rs=stable&rqm=FGET' violates the following Content Security Policy directive: "img-src 'self' data: blob: https://*.business.meta.com *.facebook.com *.fbcdn.net static.xx.fbcdn.net *.fbsbx.com". The action has been blocked. @ https://business.meta.com/:0
[  302324ms] [ERROR] Loading the image 'https://connect.facebook.net//log/error?p=pixel&sl=1&v=2.9.319&e=Fail%20to%20read%20from%20cookie%3A%20&ue=0&rs=stable&rqm=FGET' violates the following Content Security Policy directive: "img-src 'self' data: blob: https://*.business.meta.com *.facebook.com *.fbcdn.net static.xx.fbcdn.net *.fbsbx.com". The action has been blocked. @ https://business.meta.com/:0
[  302325ms] [ERROR] Loading the image 'https://connect.facebook.net//log/error?p=pixel&sl=1&v=2.9.319&e=Fail%20to%20read%20from%20cookie%3A%20&ue=0&rs=stable&rqm=FGET' violates the following Content Security Policy directive: "img-src 'self' data: blob: https://*.business.meta.com *.facebook.com *.fbcdn.net static.xx.fbcdn.net *.fbsbx.com". The action has been blocked. @ https://business.meta.com/:0
[  302326ms] [ERROR] Loading the image 'https://connect.facebook.net//log/error?p=pixel&sl=1&v=2.9.319&e=Fail%20to%20read%20from%20cookie%3A%20&ue=0&rs=stable&rqm=FGET' violates the following Content Security Policy directive: "img-src 'self' data: blob: https://*.business.meta.com *.facebook.com *.fbcdn.net static.xx.fbcdn.net *.fbsbx.com". The action has been blocked. @ https://business.meta.com/:0
[  302326ms] [ERROR] Loading the image 'https://connect.facebook.net//log/error?p=pixel&sl=1&v=2.9.319&e=Fail%20to%20read%20from%20cookie%3A%20&ue=0&rs=stable&rqm=FGET' violates the following Content Security Policy directive: "img-src 'self' data: blob: https://*.business.meta.com *.facebook.com *.fbcdn.net static.xx.fbcdn.net *.fbsbx.com". The action has been blocked. @ https://business.meta.com/:0
[  302327ms] [ERROR] Loading the image 'https://connect.facebook.net//log/error?p=pixel&sl=1&v=2.9.319&e=Fail%20to%20read%20from%20cookie%3A%20&ue=0&rs=stable&rqm=FGET' violates the following Content Security Policy directive: "img-src 'self' data: blob: https://*.business.meta.com *.facebook.com *.fbcdn.net static.xx.fbcdn.net *.fbsbx.com". The action has been blocked. @ https://business.meta.com/:0
[  302327ms] [ERROR] Loading the image 'https://connect.facebook.net//log/error?p=pixel&sl=1&v=2.9.319&e=Fail%20to%20read%20from%20cookie%3A%20&ue=0&rs=stable&rqm=FGET' violates the following Content Security Policy directive: "img-src 'self' data: blob: https://*.business.meta.com *.facebook.com *.fbcdn.net static.xx.fbcdn.net *.fbsbx.com". The action has been blocked. @ https://business.meta.com/:0
[  302327ms] [ERROR] Loading the image 'https://connect.facebook.net//log/error?p=pixel&sl=1&v=2.9.319&e=Fail%20to%20write%20cookie%3A%20&ue=0&rs=stable&rqm=FGET' violates the following Content Security Policy directive: "img-src 'self' data: blob: https://*.business.meta.com *.facebook.com *.fbcdn.net static.xx.fbcdn.net *.fbsbx.com". The action has been blocked. @ https://business.meta.com/:0
[  302328ms] [ERROR] Loading the image 'https://connect.facebook.net//log/error?p=pixel&sl=1&v=2.9.319&e=Fail%20to%20read%20from%20cookie%3A%20&ue=0&rs=stable&rqm=FGET' violates the following Content Security Policy directive: "img-src 'self' data: blob: https://*.business.meta.com *.facebook.com *.fbcdn.net static.xx.fbcdn.net *.fbsbx.com". The action has been blocked. @ https://business.meta.com/:0
[  302328ms] [ERROR] Loading the image 'https://connect.facebook.net//log/error?p=pixel&sl=1&v=2.9.319&e=Fail%20to%20read%20from%20cookie%3A%20&ue=0&rs=stable&rqm=FGET' violates the following Content Security Policy directive: "img-src 'self' data: blob: https://*.business.meta.com *.facebook.com *.fbcdn.net static.xx.fbcdn.net *.fbsbx.com". The action has been blocked. @ https://business.meta.com/:0
[  302330ms] [ERROR] Loading the image 'https://connect.facebook.net//log/error?p=pixel&sl=1&v=2.9.319&e=Fail%20to%20read%20from%20cookie%3A%20&ue=0&rs=stable&rqm=FGET' violates the following Content Security Policy directive: "img-src 'self' data: blob: https://*.business.meta.com *.facebook.com *.fbcdn.net static.xx.fbcdn.net *.fbsbx.com". The action has been blocked. @ https://business.meta.com/:0
[  302331ms] [ERROR] Loading the image 'https://connect.facebook.net//log/error?p=pixel&sl=1&v=2.9.319&e=Fail%20to%20read%20from%20cookie%3A%20&ue=0&rs=stable&rqm=FGET' violates the following Content Security Policy directive: "img-src 'self' data: blob: https://*.business.meta.com *.facebook.com *.fbcdn.net static.xx.fbcdn.net *.fbsbx.com". The action has been blocked. @ https://business.meta.com/:0
[  302331ms] [ERROR] Loading the image 'https://connect.facebook.net//log/error?p=pixel&sl=1&v=2.9.319&e=Fail%20to%20write%20cookie%3A%20&ue=0&rs=stable&rqm=FGET' violates the following Content Security Policy directive: "img-src 'self' data: blob: https://*.business.meta.com *.facebook.com *.fbcdn.net static.xx.fbcdn.net *.fbsbx.com". The action has been blocked. @ https://business.meta.com/:0
[  302332ms] [ERROR] Loading the image 'https://connect.facebook.net//log/error?p=pixel&sl=1&v=2.9.319&e=Fail%20to%20read%20from%20cookie%3A%20&ue=0&rs=stable&rqm=FGET' violates the following Content Security Policy directive: "img-src 'self' data: blob: https://*.business.meta.com *.facebook.com *.fbcdn.net static.xx.fbcdn.net *.fbsbx.com". The action has been blocked. @ https://business.meta.com/:0
[  302332ms] [ERROR] Loading the image 'https://connect.facebook.net//log/error?p=pixel&sl=1&v=2.9.319&e=Fail%20to%20read%20from%20cookie%3A%20&ue=0&rs=stable&rqm=FGET' violates the following Content Security Policy directive: "img-src 'self' data: blob: https://*.business.meta.com *.facebook.com *.fbcdn.net static.xx.fbcdn.net *.fbsbx.com". The action has been blocked. @ https://business.meta.com/:0
[  302333ms] [ERROR] Loading the image 'https://connect.facebook.net//log/error?p=pixel&sl=1&v=2.9.319&e=Fail%20to%20read%20from%20cookie%3A%20&ue=0&rs=stable&rqm=FGET' violates the following Content Security Policy directive: "img-src 'self' data: blob: https://*.business.meta.com *.facebook.com *.fbcdn.net static.xx.fbcdn.net *.fbsbx.com". The action has been blocked. @ https://business.meta.com/:0
[  302333ms] [ERROR] Loading the image 'https://connect.facebook.net//log/error?p=pixel&sl=1&v=2.9.319&e=Fail%20to%20read%20from%20cookie%3A%20&ue=0&rs=stable&rqm=FGET' violates the following Content Security Policy directive: "img-src 'self' data: blob: https://*.business.meta.com *.facebook.com *.fbcdn.net static.xx.fbcdn.net *.fbsbx.com". The action has been blocked. @ https://business.meta.com/:0
[  302334ms] [ERROR] Loading the image 'https://connect.facebook.net//log/error?p=pixel&sl=1&v=2.9.319&e=Fail%20to%20write%20cookie%3A%20&ue=0&rs=stable&rqm=FGET' violates the following Content Security Policy directive: "img-src 'self' data: blob: https://*.business.meta.com *.facebook.com *.fbcdn.net static.xx.fbcdn.net *.fbsbx.com". The action has been blocked. @ https://business.meta.com/:0
[  302334ms] [ERROR] Loading the image 'https://connect.facebook.net//log/error?p=pixel&sl=1&v=2.9.319&e=Fail%20to%20read%20from%20cookie%3A%20&ue=0&rs=stable&rqm=FGET' violates the following Content Security Policy directive: "img-src 'self' data: blob: https://*.business.meta.com *.facebook.com *.fbcdn.net static.xx.fbcdn.net *.fbsbx.com". The action has been blocked. @ https://business.meta.com/:0
[  302335ms] [ERROR] Loading the image 'https://connect.facebook.net//log/error?p=pixel&sl=1&v=2.9.319&e=Fail%20to%20read%20from%20cookie%3A%20&ue=0&rs=stable&rqm=FGET' violates the following Content Security Policy directive: "img-src 'self' data: blob: https://*.business.meta.com *.facebook.com *.fbcdn.net static.xx.fbcdn.net *.fbsbx.com". The action has been blocked. @ https://business.meta.com/:0
[  302336ms] [ERROR] Loading the image 'https://connect.facebook.net//log/error?p=pixel&sl=1&v=2.9.319&e=Fail%20to%20read%20from%20cookie%3A%20&ue=0&rs=stable&rqm=FGET' violates the following Content Security Policy directive: "img-src 'self' data: blob: https://*.business.meta.com *.facebook.com *.fbcdn.net static.xx.fbcdn.net *.fbsbx.com". The action has been blocked. @ https://business.meta.com/:0
[  302336ms] [ERROR] Loading the image 'https://connect.facebook.net//log/error?p=pixel&sl=1&v=2.9.319&e=Fail%20to%20read%20from%20cookie%3A%20&ue=0&rs=stable&rqm=FGET' violates the following Content Security Policy directive: "img-src 'self' data: blob: https://*.business.meta.com *.facebook.com *.fbcdn.net static.xx.fbcdn.net *.fbsbx.com". The action has been blocked. @ https://business.meta.com/:0
[  302337ms] [ERROR] Loading the image 'https://connect.facebook.net//log/error?p=pixel&sl=1&v=2.9.319&e=Fail%20to%20read%20from%20cookie%3A%20&ue=0&rs=stable&rqm=FGET' violates the following Content Security Policy directive: "img-src 'self' data: blob: https://*.business.meta.com *.facebook.com *.fbcdn.net static.xx.fbcdn.net *.fbsbx.com". The action has been blocked. @ https://business.meta.com/:0
[  302337ms] [ERROR] Loading the image 'https://connect.facebook.net//log/error?p=pixel&sl=1&v=2.9.319&e=Fail%20to%20read%20from%20cookie%3A%20&ue=0&rs=stable&rqm=FGET' violates the following Content Security Policy directive: "img-src 'self' data: blob: https://*.business.meta.com *.facebook.com *.fbcdn.net static.xx.fbcdn.net *.fbsbx.com". The action has been blocked. @ https://business.meta.com/:0
